1,2613,
2,2535,
3,2469,
4,2307,
5,2231,
6,2192,
7,2200,
8,2204,
9,2123,
10,2098,
11,2087,
12,2096,
13,1998,
14,1919,
15,1903,
16,1825,
17,1809,
18,1801,
19,1733,
20,1730,
21,1703,
22,1733,
23,1718,
24,1586,
25,1535,
26,1568,
27,1598,
28,1582,
29,1518,
30,1510,
31,1507,
32,1509,
33,1523,
34,1515,
35,1475,
36,1445,
37,1449,
38,1492,
39,1501,
40,1546,
41,1583,
42,1546,
43,1437,
44,1405,
45,1426,
46,1376,
47,1360,
48,1359,
49,1354,
50,1359,
51,1417,
52,1397,
53,1396,
54,1295,
55,1304,
56,1271,
57,1236,
58,1248,
59,1261,
60,1178,
61,1218,
62,1201,
63,1168,
64,1143,
65,1159,
66,1201,
67,1238,
68,1218,
69,1162,
70,1042,
71,1042,
72,910,
73,910,
74,873,
75,853,
76,857,
77,889,
78,890,
79,894,
80,894,
81,863,
82,877,
83,907,
84,888,
85,892,
86,884,
87,859,
88,853,
89,843,
90,891,
91,888,
92,899,
93,848,
94,857,
95,856,
96,887,
97,859,
98,857,
99,851,
1,2630,
2,2577,
3,2519,
4,2479,
5,2411,
6,2349,
7,2330,
8,2311,
9,2263,
10,2222,
11,2167,
12,2151,
13,2179,
14,2153,
15,2181,
16,2168,
17,2121,
18,2130,
19,2064,
20,2005,
21,1967,
22,1966,
23,1928,
24,1894,
25,1886,
26,1837,
27,1832,
28,1880,
29,1854,
30,1856,
31,1851,
32,1889,
33,1867,
34,1848,
35,1841,
36,1849,
37,1837,
38,1818,
39,1833,
40,1792,
41,1782,
42,1786,
43,1805,
44,1790,
45,1814,
46,1781,
47,1773,
48,1787,
49,1841,
50,1845,
51,1836,
52,1814,
53,1787,
54,1755,
55,1701,
56,1633,
57,1671,
58,1683,
59,1685,
60,1654,
61,1677,
62,1655,
63,1665,
64,1667,
65,1613,
66,1577,
67,1552,
68,1565,
69,1558,
70,1559,
71,1555,
72,1546,
73,1577,
74,1602,
75,1600,
76,1603,
77,1614,
78,1610,
79,1595,
80,1602,
81,1593,
82,1588,
83,1547,
84,1542,
85,1555,
86,1551,
87,1519,
88,1517,
89,1510,
90,1496,
91,1483,
92,1495,
93,1488,
94,1486,
95,1485,
96,1444,
97,1445,
98,1449,
99,1438,
1,2569,
2,2503,
3,2472,
4,2361,
5,2279,
6,2110,
7,2006,
8,1966,
9,1935,
10,1836,
11,1785,
12,1756,
13,1681,
14,1588,
15,1601,
16,1555,
17,1473,
18,1461,
19,1481,
20,1473,
21,1472,
22,1458,
23,1422,
24,1407,
25,1373,
26,1369,
27,1380,
28,1303,
29,1289,
30,1282,
31,1261,
32,1085,
33,1086,
34,1137,
35,1090,
36,1088,
37,1103,
38,1109,
39,1073,
40,1056,
41,1048,
42,1020,
43,1021,
44,1075,
45,1061,
46,1055,
47,1040,
48,1039,
49,1038,
50,979,
51,968,
52,949,
53,930,
54,908,
55,891,
56,881,
57,904,
58,904,
59,900,
60,889,
61,858,
62,842,
63,832,
64,839,
65,832,
66,824,
67,837,
68,853,
69,860,
70,840,
71,818,
72,823,
73,824,
74,794,
75,790,
76,778,
77,778,
78,777,
79,793,
80,789,
81,785,
82,775,
83,746,
84,762,
85,774,
86,705,
87,686,
88,699,
89,714,
90,726,
91,719,
92,711,
93,707,
94,728,
95,819,
96,824,
97,836,
98,827,
99,845,
1,2609,
2,2533,
3,2481,
4,2421,
5,2294,
6,2310,
7,2275,
8,2279,
9,2238,
10,2250,
11,2214,
12,2162,
13,2182,
14,2122,
15,2120,
16,2122,
17,2070,
18,2099,
19,2107,
20,2112,
21,2042,
22,2032,
23,2044,
24,2041,
25,2014,
26,1998,
27,2006,
28,1944,
29,1931,
30,1915,
31,1842,
32,1844,
33,1836,
34,1807,
35,1760,
36,1765,
37,1798,
38,1795,
39,1752,
40,1744,
41,1744,
42,1777,
43,1769,
44,1726,
45,1713,
46,1716,
47,1680,
48,1647,
49,1656,
50,1667,
51,1625,
52,1618,
53,1587,
54,1666,
55,1643,
56,1617,
57,1578,
58,1562,
59,1589,
60,1533,
61,1524,
62,1548,
63,1514,
64,1530,
65,1533,
66,1534,
67,1508,
68,1573,
69,1577,
70,1657,
71,1653,
72,1654,
73,1623,
74,1555,
75,1487,
76,1463,
77,1465,
78,1457,
79,1439,
80,1402,
81,1401,
82,1399,
83,1355,
84,1366,
85,1368,
86,1380,
87,1350,
88,1325,
89,1324,
90,1242,
91,1172,
92,1141,
93,1131,
94,1135,
95,1164,
96,1148,
97,1151,
98,1176,
99,1129,
1,2629,
2,2514,
3,2440,
4,2400,
5,2302,
6,2247,
7,2218,
8,2163,
9,2115,
10,2096,
11,2045,
12,2069,
13,1974,
14,1901,
15,1893,
16,1856,
17,1898,
18,1883,
19,1840,
20,1768,
21,1716,
22,1646,
23,1690,
24,1628,
25,1590,
26,1567,
27,1560,
28,1590,
29,1553,
30,1529,
31,1539,
32,1541,
33,1540,
34,1541,
35,1515,
36,1483,
37,1516,
38,1504,
39,1527,
40,1454,
41,1505,
42,1511,
43,1499,
44,1479,
45,1485,
46,1453,
47,1458,
48,1395,
49,1412,
50,1405,
51,1451,
52,1455,
53,1441,
54,1424,
55,1430,
56,1383,
57,1386,
58,1372,
59,1347,
60,1337,
61,1334,
62,1348,
63,1328,
64,1347,
65,1256,
66,1254,
67,1288,
68,1264,
69,1260,
70,1286,
71,1290,
72,1279,
73,1286,
74,1283,
75,1291,
76,1301,
77,1298,
78,1337,
79,1329,
80,1326,
81,1393,
82,1351,
83,1302,
84,1305,
85,1270,
86,1273,
87,1290,
88,1298,
89,1345,
90,1309,
91,1298,
92,1280,
93,1258,
94,1193,
95,1252,
96,1252,
97,1244,
98,1250,
99,1197,
1,2618,
2,2555,
3,2468,
4,2453,
5,2431,
6,2357,
7,2314,
8,2369,
9,2311,
10,2283,
11,2265,
12,2240,
13,2176,
14,2121,
15,2098,
16,2038,
17,2092,
18,2110,
19,2089,
20,2062,
21,2082,
22,2094,
23,2091,
24,2083,
25,2015,
26,1977,
27,1958,
28,1923,
29,1948,
30,1941,
31,1910,
32,1885,
33,1842,
34,1850,
35,1857,
36,1862,
37,1919,
38,1853,
39,1807,
40,1841,
41,1851,
42,1822,
43,1815,
44,1816,
45,1791,
46,1809,
47,1795,
48,1756,
49,1814,
50,1795,
51,1723,
52,1728,
53,1714,
54,1664,
55,1612,
56,1644,
57,1621,
58,1623,
59,1614,
60,1556,
61,1499,
62,1451,
63,1429,
64,1420,
65,1424,
66,1413,
67,1457,
68,1516,
69,1437,
70,1439,
71,1413,
72,1419,
73,1457,
74,1442,
75,1417,
76,1439,
77,1427,
78,1435,
79,1448,
80,1445,
81,1441,
82,1378,
83,1339,
84,1302,
85,1321,
86,1308,
87,1310,
88,1280,
89,1272,
90,1265,
91,1268,
92,1249,
93,1245,
94,1245,
95,1239,
96,1241,
97,1222,
98,1205,
99,1140,
1,2554,
2,2450,
3,2334,
4,2285,
5,2210,
6,2174,
7,2101,
8,2044,
9,2011,
10,1961,
11,1961,
12,1915,
13,1908,
14,1846,
15,1782,
16,1723,
17,1596,
18,1632,
19,1601,
20,1614,
21,1556,
22,1560,
23,1536,
24,1501,
25,1475,
26,1440,
27,1413,
28,1358,
29,1321,
30,1305,
31,1301,
32,1328,
33,1320,
34,1305,
35,1240,
36,1229,
37,1220,
38,1237,
39,1233,
40,1230,
41,1226,
42,1256,
43,1266,
44,1280,
45,1223,
46,1227,
47,1235,
48,1221,
49,1204,
50,1220,
51,1237,
52,1234,
53,1223,
54,1241,
55,1256,
56,1251,
57,1189,
58,1185,
59,1163,
60,1098,
61,1109,
62,1099,
63,1108,
64,1045,
65,1106,
66,1114,
67,1160,
68,1120,
69,1137,
70,1167,
71,1161,
72,1162,
73,1168,
74,1181,
75,1200,
76,1189,
77,1180,
78,1139,
79,1176,
80,1185,
81,1188,
82,1181,
83,1125,
84,1129,
85,1129,
86,1129,
87,1140,
88,1147,
89,1128,
90,1096,
91,1112,
92,1129,
93,1130,
94,1156,
95,1121,
96,1125,
97,1158,
98,1114,
99,1097,
1,2609,
2,2481,
3,2415,
4,2409,
5,2392,
6,2384,
7,2256,
8,2176,
9,2123,
10,2077,
11,2069,
12,2018,
13,2023,
14,1951,
15,1960,
16,1967,
17,2012,
18,1938,
19,1835,
20,1793,
21,1804,
22,1727,
23,1689,
24,1637,
25,1610,
26,1622,
27,1595,
28,1413,
29,1401,
30,1337,
31,1368,
32,1361,
33,1365,
34,1355,
35,1348,
36,1279,
37,1228,
38,1193,
39,1194,
40,1197,
41,1160,
42,1145,
43,1151,
44,1139,
45,1139,
46,1147,
47,1147,
48,1190,
49,1197,
50,1205,
51,1204,
52,1203,
53,1152,
54,1155,
55,1154,
56,1173,
57,1145,
58,1057,
59,1060,
60,1047,
61,1026,
62,1007,
63,1004,
64,998,
65,979,
66,977,
67,978,
68,965,
69,963,
70,981,
71,987,
72,974,
73,947,
74,945,
75,932,
76,909,
77,864,
78,875,
79,874,
80,851,
81,868,
82,865,
83,892,
84,891,
85,894,
86,905,
87,901,
88,910,
89,872,
90,873,
91,872,
92,865,
93,849,
94,826,
95,823,
96,822,
97,822,
98,833,
99,825,
1,2651,
2,2553,
3,2431,
4,2424,
5,2365,
6,2344,
7,2227,
8,2149,
9,2085,
10,2046,
11,1963,
12,1939,
13,1873,
14,1859,
15,1796,
16,1692,
17,1675,
18,1666,
19,1616,
20,1557,
21,1494,
22,1475,
23,1490,
24,1338,
25,1351,
26,1328,
27,1235,
28,1196,
29,1183,
30,1185,
31,1191,
32,1095,
33,1050,
34,1041,
35,1063,
36,1009,
37,1005,
38,1050,
39,1051,
40,1050,
41,1049,
42,1057,
43,1015,
44,984,
45,933,
46,977,
47,954,
48,967,
49,947,
50,986,
51,929,
52,951,
53,940,
54,946,
55,948,
56,951,
57,939,
58,957,
59,959,
60,947,
61,904,
62,937,
63,945,
64,833,
65,831,
66,832,
67,865,
68,863,
69,842,
70,858,
71,849,
72,855,
73,847,
74,912,
75,921,
76,899,
77,856,
78,834,
79,896,
80,930,
81,879,
82,834,
83,822,
84,844,
85,847,
86,806,
87,802,
88,805,
89,802,
90,792,
91,826,
92,820,
93,833,
94,831,
95,852,
96,891,
97,872,
98,888,
99,847,
1,2596,
2,2452,
3,2412,
4,2309,
5,2234,
6,2194,
7,2183,
8,2112,
9,2101,
10,2087,
11,2092,
12,2070,
13,2041,
14,2017,
15,1950,
16,1957,
17,1942,
18,1865,
19,1865,
20,1819,
21,1837,
22,1840,
23,1825,
24,1819,
25,1805,
26,1751,
27,1758,
28,1731,
29,1639,
30,1625,
31,1659,
32,1638,
33,1635,
34,1627,
35,1601,
36,1537,
37,1446,
38,1399,
39,1326,
40,1281,
41,1295,
42,1293,
43,1281,
44,1221,
45,1152,
46,1144,
47,1142,
48,1105,
49,1077,
50,1060,
51,1040,
52,1050,
53,1030,
54,1028,
55,1014,
56,987,
57,948,
58,945,
59,910,
60,872,
61,879,
62,818,
63,838,
64,843,
65,839,
66,838,
67,881,
68,879,
69,874,
70,843,
71,851,
72,854,
73,856,
74,861,
75,855,
76,850,
77,856,
78,817,
79,815,
80,812,
81,774,
82,788,
83,788,
84,793,
85,732,
86,757,
87,757,
88,751,
89,757,
90,802,
91,802,
92,802,
93,792,
94,809,
95,805,
96,823,
97,799,
98,797,
99,777,
1,2583,
2,2557,
3,2396,
4,2322,
5,2290,
6,2263,
7,2213,
8,2209,
9,2179,
10,2224,
11,2235,
12,2129,
13,2053,
14,2015,
15,2015,
16,1972,
17,1968,
18,1907,
19,1855,
20,1879,
21,1801,
22,1759,
23,1736,
24,1682,
25,1692,
26,1627,
27,1614,
28,1614,
29,1588,
30,1537,
31,1499,
32,1534,
33,1472,
34,1437,
35,1453,
36,1472,
37,1446,
38,1366,
39,1358,
40,1424,
41,1402,
42,1353,
43,1345,
44,1372,
45,1364,
46,1362,
47,1353,
48,1316,
49,1333,
50,1290,
51,1244,
52,1242,
53,1229,
54,1242,
55,1188,
56,1182,
57,1203,
58,1257,
59,1296,
60,1254,
61,1141,
62,1137,
63,1130,
64,1119,
65,1124,
66,1117,
67,1079,
68,1083,
69,1085,
70,1076,
71,1087,
72,1079,
73,1129,
74,1137,
75,1130,
76,1138,
77,1148,
78,1130,
79,1115,
80,1105,
81,1105,
82,1107,
83,1150,
84,1088,
85,1075,
86,1054,
87,1110,
88,1093,
89,1103,
90,1126,
91,1137,
92,1120,
93,1093,
94,1087,
95,1107,
96,1068,
97,1038,
98,1038,
99,1009,
1,2646,
2,2592,
3,2511,
4,2504,
5,2378,
6,2337,
7,2271,
8,2250,
9,2231,
10,2147,
11,2118,
12,2022,
13,1973,
14,1950,
15,2016,
16,1984,
17,1888,
18,1876,
19,1832,
20,1797,
21,1796,
22,1851,
23,1841,
24,1774,
25,1692,
26,1676,
27,1590,
28,1547,
29,1504,
30,1546,
31,1558,
32,1537,
33,1512,
34,1503,
35,1446,
36,1378,
37,1358,
38,1390,
39,1363,
40,1322,
41,1276,
42,1225,
43,1224,
44,1255,
45,1244,
46,1265,
47,1248,
48,1268,
49,1271,
50,1282,
51,1268,
52,1279,
53,1234,
54,1242,
55,1156,
56,1156,
57,1144,
58,1150,
59,1146,
60,1165,
61,1148,
62,1145,
63,1147,
64,1130,
65,1143,
66,1169,
67,1193,
68,1179,
69,1178,
70,1154,
71,1154,
72,1144,
73,1134,
74,1139,
75,1154,
76,1190,
77,1236,
78,1235,
79,1267,
80,1270,
81,1269,
82,1222,
83,1234,
84,1188,
85,1185,
86,1141,
87,1145,
88,1143,
89,1142,
90,1135,
91,1080,
92,1087,
93,1060,
94,1069,
95,1067,
96,1096,
97,1095,
98,1098,
99,1133,
1,2630,
2,2634,
3,2468,
4,2324,
5,2239,
6,2159,
7,2159,
8,2097,
9,2092,
10,2092,
11,2056,
12,2052,
13,1956,
14,1862,
15,1880,
16,1854,
17,1850,
18,1828,
19,1831,
20,1822,
21,1830,
22,1816,
23,1745,
24,1749,
25,1806,
26,1805,
27,1809,
28,1813,
29,1778,
30,1771,
31,1774,
32,1749,
33,1737,
34,1744,
35,1715,
36,1624,
37,1619,
38,1626,
39,1572,
40,1565,
41,1583,
42,1571,
43,1570,
44,1544,
45,1549,
46,1506,
47,1486,
48,1487,
49,1455,
50,1454,
51,1449,
52,1445,
53,1440,
54,1455,
55,1478,
56,1472,
57,1461,
58,1445,
59,1369,
60,1370,
61,1364,
62,1354,
63,1348,
64,1356,
65,1312,
66,1313,
67,1334,
68,1344,
69,1331,
70,1292,
71,1277,
72,1262,
73,1272,
74,1237,
75,1202,
76,1176,
77,1177,
78,1206,
79,1239,
80,1161,
81,1132,
82,1131,
83,1141,
84,1143,
85,1159,
86,1150,
87,1151,
88,1130,
89,1132,
90,1132,
91,1126,
92,1120,
93,1122,
94,1119,
95,1108,
96,1086,
97,1084,
98,1089,
99,1088,
1,2632,
2,2510,
3,2409,
4,2371,
5,2248,
6,2204,
7,2107,
8,2046,
9,2058,
10,1998,
11,1992,
12,1965,
13,1941,
14,1955,
15,1912,
16,1850,
17,1823,
18,1789,
19,1810,
20,1758,
21,1772,
22,1770,
23,1797,
24,1757,
25,1722,
26,1614,
27,1597,
28,1660,
29,1603,
30,1606,
31,1562,
32,1538,
33,1456,
34,1422,
35,1410,
36,1387,
37,1344,
38,1336,
39,1287,
40,1271,
41,1309,
42,1273,
43,1255,
44,1243,
45,1241,
46,1225,
47,1224,
48,1222,
49,1223,
50,1214,
51,1180,
52,1174,
53,1184,
54,1159,
55,1059,
56,1047,
57,1073,
58,1061,
59,1035,
60,1007,
61,995,
62,987,
63,973,
64,942,
65,961,
66,955,
67,959,
68,965,
69,971,
70,956,
71,954,
72,941,
73,943,
74,927,
75,905,
76,888,
77,898,
78,905,
79,897,
80,891,
81,914,
82,901,
83,900,
84,921,
85,926,
86,926,
87,924,
88,918,
89,917,
90,909,
91,895,
92,894,
93,910,
94,911,
95,934,
96,903,
97,864,
98,852,
99,835,
1,2588,
2,2554,
3,2505,
4,2419,
5,2364,
6,2174,
7,2151,
8,2104,
9,2100,
10,2125,
11,2109,
12,2061,
13,2020,
14,2023,
15,2018,
16,2049,
17,2010,
18,1992,
19,1977,
20,1889,
21,1898,
22,1895,
23,1893,
24,1839,
25,1904,
26,1886,
27,1871,
28,1829,
29,1781,
30,1798,
31,1811,
32,1817,
33,1804,
34,1757,
35,1714,
36,1690,
37,1683,
38,1634,
39,1584,
40,1570,
41,1644,
42,1646,
43,1581,
44,1549,
45,1568,
46,1544,
47,1549,
48,1523,
49,1533,
50,1506,
51,1503,
52,1449,
53,1460,
54,1465,
55,1477,
56,1473,
57,1448,
58,1545,
59,1521,
60,1538,
61,1462,
62,1425,
63,1435,
64,1404,
65,1344,
66,1343,
67,1284,
68,1258,
69,1233,
70,1262,
71,1225,
72,1224,
73,1189,
74,1148,
75,1114,
76,1116,
77,1072,
78,1067,
79,1078,
80,1047,
81,1046,
82,1022,
83,1013,
84,974,
85,971,
86,945,
87,926,
88,939,
89,945,
90,924,
91,963,
92,938,
93,943,
94,912,
95,939,
96,922,
97,949,
98,959,
99,963,
1,2595,
2,2435,
3,2300,
4,2219,
5,2124,
6,2050,
7,1961,
8,1875,
9,1848,
10,1833,
11,1793,
12,1714,
13,1700,
14,1695,
15,1680,
16,1640,
17,1592,
18,1581,
19,1548,
20,1553,
21,1504,
22,1450,
23,1352,
24,1371,
25,1383,
26,1374,
27,1299,
28,1295,
29,1295,
30,1328,
31,1344,
32,1302,
33,1301,
34,1298,
35,1281,
36,1279,
37,1284,
38,1270,
39,1264,
40,1243,
41,1249,
42,1232,
43,1227,
44,1190,
45,1148,
46,1140,
47,1154,
48,1150,
49,1083,
50,1062,
51,1057,
52,1090,
53,1071,
54,1028,
55,982,
56,982,
57,984,
58,972,
59,959,
60,956,
61,903,
62,857,
63,846,
64,881,
65,815,
66,822,
67,854,
68,856,
69,854,
70,852,
71,848,
72,863,
73,822,
74,857,
75,820,
76,846,
77,842,
78,850,
79,869,
80,904,
81,812,
82,808,
83,807,
84,799,
85,799,
86,788,
87,777,
88,778,
89,777,
90,749,
91,769,
92,790,
93,790,
94,802,
95,791,
96,791,
97,779,
98,786,
99,780,
1,2633,
2,2534,
3,2430,
4,2346,
5,2299,
6,2216,
7,2130,
8,2180,
9,2011,
10,1984,
11,1988,
12,2013,
13,1975,
14,1947,
15,1920,
16,1881,
17,1828,
18,1783,
19,1741,
20,1693,
21,1684,
22,1660,
23,1635,
24,1639,
25,1635,
26,1609,
27,1558,
28,1479,
29,1439,
30,1445,
31,1423,
32,1387,
33,1322,
34,1320,
35,1318,
36,1265,
37,1258,
38,1215,
39,1215,
40,1195,
41,1161,
42,1193,
43,1180,
44,1178,
45,1179,
46,1157,
47,1120,
48,1119,
49,1107,
50,1069,
51,1079,
52,1029,
53,1017,
54,989,
55,978,
56,956,
57,926,
58,905,
59,911,
60,915,
61,908,
62,899,
63,893,
64,873,
65,868,
66,808,
67,828,
68,854,
69,854,
70,854,
71,862,
72,861,
73,811,
74,808,
75,827,
76,829,
77,821,
78,824,
79,812,
80,784,
81,777,
82,778,
83,782,
84,790,
85,775,
86,770,
87,772,
88,780,
89,780,
90,744,
91,741,
92,755,
93,762,
94,758,
95,758,
96,754,
97,752,
98,752,
99,752,
1,2612,
2,2498,
3,2407,
4,2306,
5,2287,
6,2243,
7,2218,
8,2195,
9,2251,
10,2252,
11,2193,
12,2098,
13,2069,
14,2085,
15,2055,
16,2016,
17,2021,
18,2036,
19,2041,
20,2021,
21,2005,
22,1975,
23,1988,
24,1969,
25,1972,
26,1915,
27,1888,
28,1817,
29,1782,
30,1738,
31,1689,
32,1692,
33,1670,
34,1626,
35,1584,
36,1601,
37,1564,
38,1566,
39,1570,
40,1573,
41,1593,
42,1565,
43,1610,
44,1604,
45,1614,
46,1613,
47,1597,
48,1589,
49,1569,
50,1540,
51,1542,
52,1526,
53,1534,
54,1539,
55,1565,
56,1563,
57,1550,
58,1564,
59,1559,
60,1545,
61,1526,
62,1521,
63,1520,
64,1525,
65,1531,
66,1533,
67,1529,
68,1530,
69,1501,
70,1500,
71,1541,
72,1558,
73,1570,
74,1533,
75,1541,
76,1498,
77,1459,
78,1460,
79,1445,
80,1412,
81,1403,
82,1415,
83,1415,
84,1415,
85,1404,
86,1378,
87,1354,
88,1316,
89,1283,
90,1284,
91,1291,
92,1303,
93,1315,
94,1292,
95,1305,
96,1294,
97,1282,
98,1273,
99,1289,
1,2638,
2,2537,
3,2493,
4,2471,
5,2456,
6,2396,
7,2345,
8,2322,
9,2257,
10,2239,
11,2208,
12,2165,
13,2186,
14,2157,
15,2094,
16,2079,
17,2069,
18,2077,
19,2023,
20,1958,
21,1920,
22,1906,
23,1878,
24,1886,
25,1873,
26,1846,
27,1830,
28,1805,
29,1830,
30,1799,
31,1795,
32,1776,
33,1691,
34,1717,
35,1710,
36,1632,
37,1634,
38,1571,
39,1580,
40,1551,
41,1482,
42,1543,
43,1474,
44,1414,
45,1411,
46,1329,
47,1386,
48,1408,
49,1408,
50,1438,
51,1440,
52,1366,
53,1365,
54,1365,
55,1326,
56,1355,
57,1374,
58,1320,
59,1357,
60,1367,
61,1415,
62,1540,
63,1523,
64,1516,
65,1491,
66,1498,
67,1524,
68,1518,
69,1472,
70,1416,
71,1382,
72,1384,
73,1300,
74,1333,
75,1346,
76,1374,
77,1338,
78,1314,
79,1294,
80,1303,
81,1304,
82,1308,
83,1305,
84,1322,
85,1319,
86,1323,
87,1320,
88,1269,
89,1250,
90,1217,
91,1206,
92,1227,
93,1216,
94,1215,
95,1210,
96,1199,
97,1184,
98,1238,
99,1231,
1,2556,
2,2499,
3,2400,
4,2390,
5,2338,
6,2332,
7,2238,
8,2281,
9,2277,
10,2217,
11,2117,
12,2087,
13,2029,
14,2017,
15,1994,
16,1953,
17,1936,
18,1907,
19,1851,
20,1835,
21,1808,
22,1816,
23,1794,
24,1761,
25,1744,
26,1706,
27,1723,
28,1745,
29,1650,
30,1647,
31,1672,
32,1650,
33,1602,
34,1548,
35,1534,
36,1527,
37,1499,
38,1477,
39,1421,
40,1357,
41,1425,
42,1426,
43,1401,
44,1410,
45,1423,
46,1319,
47,1346,
48,1335,
49,1311,
50,1270,
51,1220,
52,1122,
53,1123,
54,1076,
55,985,
56,954,
57,907,
58,940,
59,951,
60,933,
61,923,
62,856,
63,841,
64,835,
65,826,
66,801,
67,810,
68,796,
69,802,
70,801,
71,808,
72,805,
73,773,
74,761,
75,702,
76,702,
77,701,
78,696,
79,700,
80,695,
81,695,
82,681,
83,677,
84,681,
85,678,
86,688,
87,679,
88,680,
89,683,
90,683,
91,665,
92,661,
93,670,
94,667,
95,682,
96,684,
97,697,
98,697,
99,687,
1,2583,
2,2547,
3,2497,
4,2383,
5,2316,
6,2320,
7,2295,
8,2242,
9,2230,
10,2219,
11,2173,
12,2104,
13,2029,
14,1813,
15,1805,
16,1760,
17,1758,
18,1753,
19,1753,
20,1738,
21,1782,
22,1788,
23,1785,
24,1702,
25,1645,
26,1639,
27,1631,
28,1659,
29,1601,
30,1558,
31,1533,
32,1522,
33,1406,
34,1409,
35,1357,
36,1391,
37,1310,
38,1315,
39,1319,
40,1266,
41,1247,
42,1207,
43,1170,
44,1151,
45,1130,
46,1135,
47,1036,
48,1074,
49,990,
50,968,
51,965,
52,955,
53,979,
54,933,
55,909,
56,900,
57,875,
58,863,
59,832,
60,810,
61,832,
62,809,
63,779,
64,779,
65,793,
66,804,
67,792,
68,788,
69,793,
70,801,
71,780,
72,773,
73,773,
74,774,
75,778,
76,777,
77,767,
78,756,
79,754,
80,748,
81,722,
82,711,
83,731,
84,733,
85,735,
86,741,
87,755,
88,744,
89,744,
90,742,
91,759,
92,759,
93,732,
94,733,
95,733,
96,717,
97,679,
98,678,
99,678,
1,2652,
2,2569,
3,2393,
4,2300,
5,2256,
6,2115,
7,2050,
8,1959,
9,1862,
10,1791,
11,1740,
12,1649,
13,1621,
14,1603,
15,1609,
16,1616,
17,1543,
18,1563,
19,1571,
20,1559,
21,1511,
22,1495,
23,1489,
24,1455,
25,1410,
26,1410,
27,1451,
28,1445,
29,1415,
30,1404,
31,1412,
32,1388,
33,1280,
34,1287,
35,1304,
36,1278,
37,1286,
38,1232,
39,1234,
40,1192,
41,1199,
42,1187,
43,1184,
44,1156,
45,1150,
46,1151,
47,1151,
48,1150,
49,1150,
50,1135,
51,1138,
52,1131,
53,1122,
54,1208,
55,1206,
56,1183,
57,1183,
58,1200,
59,1208,
60,1167,
61,1173,
62,1170,
63,1145,
64,1139,
65,1162,
66,1158,
67,1147,
68,1143,
69,1145,
70,1136,
71,1153,
72,1146,
73,1148,
74,1139,
75,1140,
76,1119,
77,1074,
78,1063,
79,1061,
80,1064,
81,1057,
82,1097,
83,1095,
84,1053,
85,1061,
86,1033,
87,1033,
88,1034,
89,1034,
90,1003,
91,994,
92,977,
93,958,
94,954,
95,968,
96,968,
97,962,
98,952,
99,975,
1,2598,
2,2502,
3,2394,
4,2333,
5,2307,
6,2248,
7,2211,
8,2087,
9,2085,
10,2068,
11,2032,
12,2016,
13,2016,
14,1970,
15,1939,
16,1926,
17,1929,
18,1856,
19,1787,
20,1764,
21,1735,
22,1746,
23,1700,
24,1672,
25,1673,
26,1684,
27,1685,
28,1625,
29,1595,
30,1537,
31,1410,
32,1435,
33,1371,
34,1364,
35,1313,
36,1354,
37,1343,
38,1343,
39,1259,
40,1251,
41,1255,
42,1140,
43,1125,
44,1068,
45,1048,
46,1005,
47,975,
48,961,
49,967,
50,925,
51,932,
52,968,
53,982,
54,982,
55,1009,
56,997,
57,985,
58,983,
59,1031,
60,1034,
61,1033,
62,998,
63,996,
64,990,
65,998,
66,992,
67,991,
68,994,
69,986,
70,976,
71,957,
72,954,
73,941,
74,876,
75,900,
76,909,
77,911,
78,908,
79,908,
80,892,
81,856,
82,863,
83,867,
84,867,
85,867,
86,862,
87,861,
88,844,
89,792,
90,835,
91,841,
92,876,
93,933,
94,966,
95,965,
96,1004,
97,1027,
98,1018,
99,979,
1,2640,
2,2478,
3,2377,
4,2293,
5,2098,
6,1918,
7,1923,
8,1846,
9,1848,
10,1858,
11,1866,
12,1849,
13,1885,
14,1904,
15,1868,
16,1792,
17,1793,
18,1779,
19,1753,
20,1697,
21,1671,
22,1594,
23,1567,
24,1565,
25,1498,
26,1477,
27,1447,
28,1432,
29,1461,
30,1388,
31,1346,
32,1306,
33,1283,
34,1278,
35,1320,
36,1295,
37,1231,
38,1245,
39,1226,
40,1204,
41,1175,
42,1190,
43,1206,
44,1188,
45,1141,
46,1142,
47,1171,
48,1171,
49,1084,
50,1030,
51,1015,
52,1039,
53,1026,
54,1054,
55,960,
56,899,
57,891,
58,879,
59,851,
60,876,
61,793,
62,809,
63,780,
64,783,
65,798,
66,798,
67,789,
68,781,
69,778,
70,729,
71,724,
72,678,
73,706,
74,751,
75,741,
76,755,
77,767,
78,746,
79,754,
80,751,
81,775,
82,770,
83,768,
84,768,
85,766,
86,766,
87,768,
88,742,
89,746,
90,738,
91,736,
92,738,
93,729,
94,729,
95,729,
96,752,
97,758,
98,755,
99,755,
1,2621,
2,2550,
3,2463,
4,2471,
5,2381,
6,2445,
7,2308,
8,2294,
9,2222,
10,2104,
11,2046,
12,1983,
13,1924,
14,1925,
15,1881,
16,1928,
17,1956,
18,1921,
19,1917,
20,1868,
21,1894,
22,1919,
23,1922,
24,1936,
25,1899,
26,1872,
27,1879,
28,1863,
29,1844,
30,1851,
31,1842,
32,1837,
33,1850,
34,1835,
35,1766,
36,1775,
37,1742,
38,1738,
39,1728,
40,1736,
41,1721,
42,1702,
43,1621,
44,1517,
45,1523,
46,1495,
47,1498,
48,1368,
49,1342,
50,1367,
51,1367,
52,1338,
53,1338,
54,1385,
55,1385,
56,1370,
57,1368,
58,1340,
59,1328,
60,1334,
61,1296,
62,1283,
63,1279,
64,1263,
65,1263,
66,1265,
67,1234,
68,1228,
69,1239,
70,1248,
71,1238,
72,1209,
73,1219,
74,1236,
75,1237,
76,1237,
77,1239,
78,1235,
79,1225,
80,1191,
81,1173,
82,1160,
83,1156,
84,1151,
85,1166,
86,1134,
87,1121,
88,1123,
89,1132,
90,1128,
91,1120,
92,1129,
93,1136,
94,1139,
95,1150,
96,1148,
97,1127,
98,1126,
99,1135,
1,2567,
2,2474,
3,2447,
4,2453,
5,2370,
6,2277,
7,2222,
8,2145,
9,2122,
10,2099,
11,2071,
12,2030,
13,1897,
14,1818,
15,1824,
16,1746,
17,1682,
18,1622,
19,1643,
20,1646,
21,1611,
22,1477,
23,1460,
24,1479,
25,1452,
26,1455,
27,1485,
28,1409,
29,1356,
30,1308,
31,1295,
32,1289,
33,1287,
34,1336,
35,1349,
36,1312,
37,1294,
38,1335,
39,1298,
40,1268,
41,1275,
42,1273,
43,1278,
44,1219,
45,1214,
46,1196,
47,1164,
48,1170,
49,1171,
50,1204,
51,1145,
52,1082,
53,1087,
54,1050,
55,1047,
56,1027,
57,1043,
58,1030,
59,1098,
60,1077,
61,1058,
62,1046,
63,1023,
64,1013,
65,1012,
66,1014,
67,1004,
68,999,
69,954,
70,945,
71,888,
72,907,
73,928,
74,917,
75,914,
76,904,
77,904,
78,907,
79,887,
80,892,
81,894,
82,903,
83,925,
84,943,
85,966,
86,952,
87,944,
88,959,
89,1003,
90,1007,
91,1009,
92,1013,
93,997,
94,995,
95,995,
96,977,
97,976,
98,934,
99,922,
1,2581,
2,2541,
3,2439,
4,2390,
5,2285,
6,2227,
7,2208,
8,2185,
9,2133,
10,2136,
11,2143,
12,2118,
13,2070,
14,2014,
15,1994,
16,1924,
17,1828,
18,1742,
19,1672,
20,1606,
21,1567,
22,1601,
23,1555,
24,1507,
25,1516,
26,1445,
27,1383,
28,1372,
29,1322,
30,1356,
31,1283,
32,1238,
33,1229,
34,1181,
35,1133,
36,1121,
37,1082,
38,1084,
39,1079,
40,1085,
41,1061,
42,1055,
43,1058,
44,1058,
45,1057,
46,1075,
47,1068,
48,1032,
49,1047,
50,1046,
51,975,
52,984,
53,963,
54,916,
55,914,
56,915,
57,904,
58,915,
59,936,
60,930,
61,928,
62,930,
63,969,
64,971,
65,971,
66,947,
67,927,
68,957,
69,941,
70,934,
71,799,
72,773,
73,765,
74,763,
75,769,
76,780,
77,748,
78,717,
79,713,
80,707,
81,707,
82,707,
83,702,
84,702,
85,657,
86,649,
87,663,
88,663,
89,663,
90,648,
91,648,
92,670,
93,686,
94,670,
95,670,
96,672,
97,662,
98,708,
99,706,
1,2620,
2,2475,
3,2411,
4,2323,
5,2230,
6,2259,
7,2153,
8,2135,
9,2098,
10,2002,
11,1854,
12,1844,
13,1869,
14,1861,
15,1860,
16,1838,
17,1806,
18,1827,
19,1821,
20,1792,
21,1763,
22,1766,
23,1771,
24,1760,
25,1753,
26,1693,
27,1692,
28,1718,
29,1680,
30,1686,
31,1601,
32,1637,
33,1593,
34,1537,
35,1534,
36,1535,
37,1487,
38,1489,
39,1449,
40,1442,
41,1464,
42,1444,
43,1342,
44,1331,
45,1305,
46,1228,
47,1191,
48,1157,
49,1165,
50,1138,
51,1167,
52,1160,
53,1140,
54,1129,
55,1125,
56,1125,
57,1140,
58,1130,
59,1125,
60,1154,
61,1121,
62,1112,
63,1109,
64,1082,
65,1082,
66,1062,
67,1045,
68,1054,
69,1029,
70,978,
71,999,
72,995,
73,989,
74,989,
75,952,
76,915,
77,982,
78,1006,
79,978,
80,957,
81,967,
82,971,
83,1007,
84,1017,
85,1033,
86,1044,
87,1085,
88,1083,
89,1084,
90,1076,
91,1089,
92,1089,
93,1089,
94,1041,
95,1056,
96,1049,
97,1052,
98,1051,
99,1051,
1,2627,
2,2418,
3,2374,
4,2340,
5,2239,
6,2160,
7,2118,
8,2105,
9,2123,
10,2068,
11,2046,
12,2015,
13,1921,
14,1905,
15,1851,
16,1856,
17,1836,
18,1793,
19,1689,
20,1692,
21,1717,
22,1718,
23,1746,
24,1701,
25,1671,
26,1677,
27,1668,
28,1686,
29,1657,
30,1618,
31,1631,
32,1587,
33,1540,
34,1517,
35,1513,
36,1509,
37,1463,
38,1433,
39,1451,
40,1424,
41,1447,
42,1420,
43,1382,
44,1349,
45,1355,
46,1344,
47,1350,
48,1345,
49,1330,
50,1356,
51,1357,
52,1353,
53,1418,
54,1388,
55,1374,
56,1357,
57,1363,
58,1347,
59,1357,
60,1337,
61,1372,
62,1377,
63,1380,
64,1370,
65,1381,
66,1338,
67,1311,
68,1283,
69,1283,
70,1253,
71,1238,
72,1172,
73,1128,
74,1139,
75,1151,
76,1139,
77,1169,
78,1169,
79,1157,
80,1084,
81,1047,
82,1031,
83,1022,
84,1001,
85,1028,
86,1026,
87,1032,
88,1026,
89,1026,
90,1023,
91,1018,
92,1036,
93,1019,
94,1047,
95,1045,
96,1074,
97,1057,
98,1065,
99,1049,
1,2577,
2,2399,
3,2309,
4,2267,
5,2196,
6,2154,
7,2155,
8,2167,
9,2142,
10,2102,
11,2078,
12,2006,
13,1922,
14,2015,
15,1907,
16,1906,
17,1874,
18,1901,
19,1891,
20,1858,
21,1823,
22,1854,
23,1832,
24,1818,
25,1804,
26,1740,
27,1758,
28,1759,
29,1713,
30,1655,
31,1617,
32,1606,
33,1604,
34,1620,
35,1610,
36,1586,
37,1534,
38,1515,
39,1507,
40,1532,
41,1524,
42,1474,
43,1384,
44,1398,
45,1339,
46,1318,
47,1287,
48,1174,
49,1165,
50,1171,
51,1121,
52,1102,
53,1101,
54,1085,
55,1076,
56,1012,
57,1011,
58,1014,
59,1011,
60,1003,
61,1002,
62,1014,
63,967,
64,973,
65,951,
66,999,
67,948,
68,938,
69,908,
70,911,
71,917,
72,921,
73,918,
74,911,
75,847,
76,834,
77,842,
78,831,
79,831,
80,836,
81,829,
82,825,
83,825,
84,823,
85,823,
86,821,
87,820,
88,827,
89,829,
90,827,
91,822,
92,819,
93,777,
94,776,
95,766,
96,781,
97,779,
98,763,
99,753,
1,2625,
2,2437,
3,2399,
4,2360,
5,2327,
6,2277,
7,2128,
8,2080,
9,2017,
10,1998,
11,1965,
12,1911,
13,1836,
14,1832,
15,1821,
16,1816,
17,1806,
18,1803,
19,1780,
20,1786,
21,1753,
22,1733,
23,1716,
24,1723,
25,1707,
26,1709,
27,1712,
28,1691,
29,1655,
30,1630,
31,1657,
32,1666,
33,1653,
34,1624,
35,1572,
36,1595,
37,1506,
38,1521,
39,1508,
40,1413,
41,1390,
42,1394,
43,1375,
44,1368,
45,1336,
46,1316,
47,1317,
48,1320,
49,1327,
50,1301,
51,1277,
52,1275,
53,1244,
54,1244,
55,1279,
56,1308,
57,1323,
58,1411,
59,1410,
60,1400,
61,1417,
62,1376,
63,1393,
64,1343,
65,1330,
66,1328,
67,1316,
68,1288,
69,1314,
70,1314,
71,1336,
72,1287,
73,1305,
74,1295,
75,1339,
76,1353,
77,1353,
78,1349,
79,1314,
80,1309,
81,1322,
82,1320,
83,1280,
84,1224,
85,1236,
86,1250,
87,1228,
88,1185,
89,1168,
90,1138,
91,1122,
92,1083,
93,1115,
94,1127,
95,1102,
96,1086,
97,1120,
98,1107,
99,1098,
1,2601,
2,2421,
3,2196,
4,2258,
5,2217,
6,2119,
7,2056,
8,2007,
9,1917,
10,1913,
11,1890,
12,1827,
13,1815,
14,1764,
15,1752,
16,1729,
17,1686,
18,1676,
19,1672,
20,1631,
21,1637,
22,1611,
23,1581,
24,1555,
25,1496,
26,1525,
27,1495,
28,1472,
29,1489,
30,1404,
31,1368,
32,1385,
33,1351,
34,1370,
35,1371,
36,1399,
37,1387,
38,1371,
39,1367,
40,1376,
41,1364,
42,1359,
43,1337,
44,1326,
45,1333,
46,1331,
47,1304,
48,1262,
49,1258,
50,1255,
51,1243,
52,1264,
53,1254,
54,1276,
55,1293,
56,1274,
57,1279,
58,1223,
59,1183,
60,1164,
61,1201,
62,1172,
63,1177,
64,1155,
65,1174,
66,1160,
67,1248,
68,1210,
69,1211,
70,1195,
71,1185,
72,1188,
73,1192,
74,1170,
75,1175,
76,1157,
77,1132,
78,1145,
79,1082,
80,1095,
81,1093,
82,1074,
83,1075,
84,1075,
85,1085,
86,1107,
87,1118,
88,1077,
89,1064,
90,1063,
91,1071,
92,1076,
93,1077,
94,1043,
95,1069,
96,1059,
97,1065,
98,1046,
99,1046,
1,2615,
2,2453,
3,2378,
4,2332,
5,2260,
6,2174,
7,2130,
8,2117,
9,2008,
10,1994,
11,1975,
12,1904,
13,1816,
14,1782,
15,1807,
16,1788,
17,1789,
18,1782,
19,1741,
20,1749,
21,1752,
22,1786,
23,1766,
24,1764,
25,1733,
26,1706,
27,1699,
28,1679,
29,1654,
30,1660,
31,1659,
32,1666,
33,1632,
34,1618,
35,1620,
36,1673,
37,1709,
38,1669,
39,1626,
40,1596,
41,1602,
42,1662,
43,1654,
44,1618,
45,1614,
46,1624,
47,1627,
48,1614,
49,1618,
50,1624,
51,1574,
52,1607,
53,1617,
54,1630,
55,1572,
56,1535,
57,1532,
58,1621,
59,1607,
60,1616,
61,1589,
62,1589,
63,1598,
64,1596,
65,1554,
66,1577,
67,1572,
68,1571,
69,1601,
70,1584,
71,1641,
72,1631,
73,1640,
74,1626,
75,1606,
76,1616,
77,1630,
78,1619,
79,1640,
80,1614,
81,1630,
82,1622,
83,1612,
84,1616,
85,1625,
86,1628,
87,1625,
88,1613,
89,1631,
90,1628,
91,1616,
92,1625,
93,1616,
94,1629,
95,1625,
96,1619,
97,1618,
98,1572,
99,1570,
1,2548,
2,2396,
3,2272,
4,2245,
5,2202,
6,2199,
7,2116,
8,2064,
9,2031,
10,1948,
11,1856,
12,1783,
13,1667,
14,1599,
15,1562,
16,1551,
17,1522,
18,1471,
19,1403,
20,1365,
21,1397,
22,1368,
23,1368,
24,1270,
25,1230,
26,1215,
27,1236,
28,1224,
29,1206,
30,1243,
31,1200,
32,1164,
33,1151,
34,1091,
35,1094,
36,1087,
37,1073,
38,1096,
39,1112,
40,1115,
41,1092,
42,1081,
43,1032,
44,993,
45,984,
46,974,
47,982,
48,1016,
49,993,
50,975,
51,949,
52,972,
53,988,
54,1006,
55,1000,
56,973,
57,954,
58,949,
59,933,
60,925,
61,871,
62,888,
63,887,
64,890,
65,889,
66,879,
67,881,
68,883,
69,883,
70,866,
71,866,
72,866,
73,867,
74,837,
75,832,
76,832,
77,804,
78,784,
79,785,
80,785,
81,806,
82,772,
83,747,
84,749,
85,749,
86,749,
87,760,
88,718,
89,742,
90,744,
91,764,
92,742,
93,739,
94,739,
95,788,
96,778,
97,753,
98,753,
99,753,
1,2606,
2,2578,
3,2547,
4,2431,
5,2307,
6,2231,
7,2203,
8,2130,
9,2084,
10,2007,
11,1983,
12,1939,
13,1929,
14,1906,
15,1854,
16,1831,
17,1821,
18,1781,
19,1794,
20,1775,
21,1731,
22,1713,
23,1643,
24,1662,
25,1651,
26,1617,
27,1606,
28,1584,
29,1557,
30,1476,
31,1363,
32,1328,
33,1280,
34,1279,
35,1242,
36,1218,
37,1200,
38,1141,
39,1021,
40,1004,
41,883,
42,857,
43,878,
44,878,
45,856,
46,826,
47,826,
48,807,
49,821,
50,828,
51,804,
52,790,
53,794,
54,793,
55,768,
56,771,
57,771,
58,761,
59,736,
60,733,
61,738,
62,739,
63,744,
64,754,
65,751,
66,748,
67,746,
68,749,
69,696,
70,696,
71,692,
72,682,
73,698,
74,695,
75,679,
76,679,
77,652,
78,679,
79,688,
80,689,
81,675,
82,675,
83,683,
84,682,
85,702,
86,704,
87,698,
88,696,
89,695,
90,693,
91,693,
92,695,
93,691,
94,692,
95,693,
96,694,
97,681,
98,675,
99,675,
1,2545,
2,2444,
3,2352,
4,2379,
5,2361,
6,2271,
7,2231,
8,2211,
9,2154,
10,2257,
11,2121,
12,2059,
13,1989,
14,1975,
15,1957,
16,1938,
17,1803,
18,1780,
19,1743,
20,1709,
21,1664,
22,1644,
23,1597,
24,1599,
25,1595,
26,1594,
27,1503,
28,1468,
29,1453,
30,1423,
31,1454,
32,1459,
33,1459,
34,1440,
35,1458,
36,1466,
37,1455,
38,1467,
39,1439,
40,1426,
41,1417,
42,1403,
43,1396,
44,1349,
45,1359,
46,1368,
47,1363,
48,1353,
49,1360,
50,1383,
51,1347,
52,1355,
53,1334,
54,1297,
55,1326,
56,1312,
57,1250,
58,1242,
59,1230,
60,1235,
61,1222,
62,1218,
63,1222,
64,1203,
65,1237,
66,1198,
67,1192,
68,1194,
69,1176,
70,1177,
71,1189,
72,1191,
73,1191,
74,1224,
75,1223,
76,1221,
77,1179,
78,1213,
79,1228,
80,1255,
81,1253,
82,1255,
83,1220,
84,1216,
85,1215,
86,1211,
87,1177,
88,1167,
89,1157,
90,1193,
91,1195,
92,1188,
93,1191,
94,1235,
95,1213,
96,1209,
97,1209,
98,1205,
99,1214,
1,2559,
2,2446,
3,2421,
4,2307,
5,2271,
6,2231,
7,2196,
8,2277,
9,2207,
10,2102,
11,1999,
12,1933,
13,1941,
14,1916,
15,1823,
16,1819,
17,1824,
18,1752,
19,1719,
20,1656,
21,1564,
22,1529,
23,1530,
24,1524,
25,1508,
26,1497,
27,1484,
28,1380,
29,1338,
30,1349,
31,1289,
32,1273,
33,1249,
34,1248,
35,1272,
36,1263,
37,1210,
38,1175,
39,1178,
40,1139,
41,1184,
42,1106,
43,1100,
44,1134,
45,1176,
46,1170,
47,1149,
48,1144,
49,1089,
50,1097,
51,1098,
52,1052,
53,1042,
54,1045,
55,1042,
56,988,
57,953,
58,917,
59,919,
60,909,
61,900,
62,899,
63,881,
64,853,
65,855,
66,861,
67,860,
68,815,
69,807,
70,811,
71,811,
72,824,
73,822,
74,819,
75,819,
76,838,
77,833,
78,753,
79,761,
80,747,
81,732,
82,708,
83,744,
84,735,
85,711,
86,711,
87,739,
88,748,
89,748,
90,739,
91,723,
92,721,
93,718,
94,722,
95,733,
96,768,
97,767,
98,750,
99,731,
1,2611,
2,2529,
3,2381,
4,2222,
5,2112,
6,2057,
7,2006,
8,1991,
9,1918,
10,1899,
11,1808,
12,1734,
13,1694,
14,1682,
15,1668,
16,1623,
17,1606,
18,1582,
19,1572,
20,1513,
21,1488,
22,1468,
23,1482,
24,1464,
25,1470,
26,1437,
27,1404,
28,1343,
29,1323,
30,1350,
31,1296,
32,1317,
33,1313,
34,1313,
35,1183,
36,1180,
37,1158,
38,1142,
39,1142,
40,1104,
41,1120,
42,1094,
43,1076,
44,1072,
45,1072,
46,1039,
47,1048,
48,1048,
49,1018,
50,996,
51,986,
52,1008,
53,981,
54,977,
55,919,
56,887,
57,946,
58,956,
59,942,
60,941,
61,939,
62,940,
63,917,
64,922,
65,921,
66,899,
67,886,
68,976,
69,960,
70,963,
71,965,
72,957,
73,960,
74,934,
75,925,
76,934,
77,946,
78,926,
79,874,
80,809,
81,814,
82,856,
83,862,
84,854,
85,825,
86,806,
87,813,
88,843,
89,846,
90,839,
91,807,
92,806,
93,805,
94,790,
95,773,
96,786,
97,821,
98,791,
99,790,
1,2482,
2,2406,
3,2390,
4,2380,
5,2325,
6,2256,
7,2285,
8,2198,
9,2109,
10,2079,
11,2002,
12,1937,
13,1898,
14,1859,
15,1853,
16,1810,
17,1756,
18,1691,
19,1610,
20,1591,
21,1590,
22,1525,
23,1516,
24,1499,
25,1471,
26,1453,
27,1419,
28,1446,
29,1422,
30,1474,
31,1484,
32,1483,
33,1457,
34,1451,
35,1468,
36,1490,
37,1510,
38,1502,
39,1468,
40,1424,
41,1432,
42,1450,
43,1433,
44,1403,
45,1413,
46,1339,
47,1369,
48,1343,
49,1337,
50,1316,
51,1307,
52,1297,
53,1291,
54,1260,
55,1162,
56,1132,
57,1098,
58,1103,
59,1102,
60,1071,
61,989,
62,983,
63,956,
64,980,
65,968,
66,1021,
67,1074,
68,1017,
69,1023,
70,1030,
71,1084,
72,1076,
73,1003,
74,1006,
75,975,
76,973,
77,957,
78,902,
79,925,
80,926,
81,921,
82,909,
83,935,
84,939,
85,944,
86,942,
87,953,
88,941,
89,945,
90,906,
91,897,
92,891,
93,879,
94,865,
95,864,
96,846,
97,838,
98,885,
99,872,
1,2520,
2,2423,
3,2359,
4,2298,
5,2230,
6,2181,
7,2019,
8,2066,
9,1990,
10,1989,
11,1903,
12,1904,
13,1918,
14,1792,
15,1799,
16,1806,
17,1828,
18,1790,
19,1817,
20,1884,
21,1848,
22,1828,
23,1754,
24,1654,
25,1582,
26,1548,
27,1596,
28,1591,
29,1456,
30,1421,
31,1433,
32,1437,
33,1434,
34,1400,
35,1389,
36,1370,
37,1268,
38,1271,
39,1257,
40,1190,
41,1171,
42,1109,
43,1110,
44,1072,
45,1090,
46,1033,
47,1039,
48,1042,
49,1000,
50,1005,
51,1006,
52,1000,
53,1005,
54,989,
55,976,
56,997,
57,996,
58,967,
59,964,
60,933,
61,890,
62,846,
63,878,
64,877,
65,881,
66,874,
67,858,
68,830,
69,821,
70,829,
71,828,
72,820,
73,793,
74,793,
75,803,
76,805,
77,814,
78,790,
79,810,
80,810,
81,802,
82,828,
83,864,
84,855,
85,867,
86,862,
87,870,
88,885,
89,864,
90,838,
91,829,
92,803,
93,789,
94,795,
95,827,
96,812,
97,812,
98,842,
99,836,
1,2614,
2,2564,
3,2463,
4,2372,
5,2351,
6,2372,
7,2313,
8,2225,
9,2196,
10,2137,
11,2062,
12,1879,
13,1824,
14,1812,
15,1769,
16,1759,
17,1767,
18,1725,
19,1703,
20,1701,
21,1599,
22,1505,
23,1441,
24,1420,
25,1386,
26,1378,
27,1379,
28,1385,
29,1337,
30,1339,
31,1330,
32,1330,
33,1198,
34,1081,
35,1100,
36,1096,
37,1047,
38,1012,
39,990,
40,958,
41,948,
42,909,
43,880,
44,902,
45,907,
46,857,
47,888,
48,916,
49,924,
50,884,
51,897,
52,841,
53,839,
54,826,
55,818,
56,790,
57,784,
58,786,
59,774,
60,765,
61,780,
62,774,
63,742,
64,744,
65,765,
66,750,
67,730,
68,751,
69,737,
70,731,
71,687,
72,682,
73,673,
74,673,
75,692,
76,753,
77,757,
78,740,
79,744,
80,746,
81,745,
82,721,
83,734,
84,733,
85,721,
86,727,
87,756,
88,756,
89,721,
90,720,
91,758,
92,768,
93,765,
94,757,
95,742,
96,740,
97,709,
98,677,
99,677,
1,2590,
2,2539,
3,2398,
4,2398,
5,2319,
6,2242,
7,2176,
8,2077,
9,2074,
10,2036,
11,1999,
12,1981,
13,1953,
14,1939,
15,1857,
16,1862,
17,1718,
18,1657,
19,1581,
20,1540,
21,1537,
22,1529,
23,1538,
24,1504,
25,1486,
26,1459,
27,1462,
28,1426,
29,1384,
30,1338,
31,1320,
32,1307,
33,1314,
34,1273,
35,1265,
36,1242,
37,1188,
38,1179,
39,1167,
40,1100,
41,1096,
42,1070,
43,1076,
44,1065,
45,1073,
46,1070,
47,1035,
48,1033,
49,1022,
50,1004,
51,1009,
52,1008,
53,1004,
54,995,
55,994,
56,979,
57,976,
58,972,
59,988,
60,987,
61,967,
62,968,
63,968,
64,968,
65,960,
66,961,
67,955,
68,957,
69,951,
70,953,
71,954,
72,931,
73,927,
74,904,
75,902,
76,912,
77,869,
78,870,
79,870,
80,870,
81,853,
82,855,
83,855,
84,851,
85,843,
86,836,
87,802,
88,802,
89,791,
90,796,
91,798,
92,768,
93,767,
94,752,
95,743,
96,744,
97,793,
98,753,
99,717,
1,2574,
2,2568,
3,2555,
4,2453,
5,2412,
6,2324,
7,2291,
8,2126,
9,2067,
10,2030,
11,1944,
12,1900,
13,1846,
14,1802,
15,1800,
16,1828,
17,1746,
18,1655,
19,1668,
20,1632,
21,1608,
22,1575,
23,1533,
24,1484,
25,1449,
26,1391,
27,1360,
28,1351,
29,1301,
30,1252,
31,1269,
32,1230,
33,1235,
34,1230,
35,1198,
36,1177,
37,1164,
38,1160,
39,1103,
40,1097,
41,1077,
42,1062,
43,1069,
44,1093,
45,1057,
46,1072,
47,1053,
48,1006,
49,1016,
50,979,
51,979,
52,953,
53,982,
54,971,
55,964,
56,958,
57,942,
58,929,
59,873,
60,902,
61,904,
62,885,
63,862,
64,800,
65,810,
66,809,
67,821,
68,819,
69,830,
70,830,
71,829,
72,814,
73,814,
74,813,
75,815,
76,812,
77,774,
78,782,
79,782,
80,780,
81,780,
82,764,
83,769,
84,773,
85,772,
86,780,
87,779,
88,756,
89,734,
90,735,
91,730,
92,738,
93,737,
94,731,
95,732,
96,731,
97,730,
98,736,
99,738,
1,2673,
2,2541,
3,2407,
4,2356,
5,2357,
6,2309,
7,2292,
8,2233,
9,2202,
10,2108,
11,1977,
12,1978,
13,1909,
14,1883,
15,1862,
16,1884,
17,1843,
18,1772,
19,1796,
20,1745,
21,1721,
22,1674,
23,1738,
24,1648,
25,1650,
26,1574,
27,1537,
28,1480,
29,1398,
30,1374,
31,1372,
32,1332,
33,1209,
34,1203,
35,1199,
36,1180,
37,1150,
38,1163,
39,1059,
40,1047,
41,1049,
42,1010,
43,1006,
44,997,
45,958,
46,964,
47,925,
48,919,
49,906,
50,895,
51,884,
52,911,
53,865,
54,884,
55,910,
56,912,
57,861,
58,862,
59,862,
60,864,
61,866,
62,879,
63,875,
64,875,
65,875,
66,891,
67,884,
68,876,
69,871,
70,874,
71,847,
72,821,
73,810,
74,866,
75,863,
76,878,
77,838,
78,821,
79,811,
80,775,
81,801,
82,803,
83,785,
84,825,
85,828,
86,819,
87,832,
88,831,
89,829,
90,829,
91,822,
92,837,
93,848,
94,843,
95,849,
96,849,
97,837,
98,825,
99,829,
1,2629,
2,2395,
3,2322,
4,2225,
5,2130,
6,2025,
7,2153,
8,2147,
9,2157,
10,2068,
11,1975,
12,1916,
13,1812,
14,1761,
15,1743,
16,1722,
17,1745,
18,1723,
19,1678,
20,1632,
21,1611,
22,1587,
23,1511,
24,1421,
25,1420,
26,1386,
27,1390,
28,1386,
29,1389,
30,1366,
31,1334,
32,1341,
33,1306,
34,1307,
35,1288,
36,1262,
37,1272,
38,1263,
39,1266,
40,1238,
41,1212,
42,1224,
43,1242,
44,1214,
45,1216,
46,1197,
47,1196,
48,1196,
49,1165,
50,1141,
51,1134,
52,1139,
53,1115,
54,1116,
55,1118,
56,1113,
57,1094,
58,1089,
59,1085,
60,1085,
61,1071,
62,1057,
63,1058,
64,1037,
65,1076,
66,1053,
67,1060,
68,1038,
69,990,
70,988,
71,986,
72,983,
73,953,
74,816,
75,789,
76,791,
77,779,
78,872,
79,891,
80,891,
81,906,
82,931,
83,938,
84,913,
85,937,
86,957,
87,919,
88,916,
89,900,
90,888,
91,842,
92,845,
93,845,
94,831,
95,803,
96,802,
97,757,
98,756,
99,755,
1,2669,
2,2556,
3,2500,
4,2427,
5,2370,
6,2260,
7,2192,
8,2129,
9,2057,
10,2051,
11,2063,
12,2014,
13,1955,
14,1932,
15,1975,
16,1979,
17,1941,
18,1952,
19,1958,
20,1949,
21,1933,
22,1967,
23,1959,
24,1973,
25,1818,
26,1823,
27,1818,
28,1785,
29,1718,
30,1684,
31,1644,
32,1630,
33,1604,
34,1599,
35,1605,
36,1620,
37,1605,
38,1560,
39,1563,
40,1570,
41,1596,
42,1595,
43,1625,
44,1625,
45,1616,
46,1617,
47,1621,
48,1646,
49,1646,
50,1650,
51,1634,
52,1628,
53,1638,
54,1635,
55,1653,
56,1588,
57,1604,
58,1624,
59,1606,
60,1592,
61,1585,
62,1588,
63,1649,
64,1640,
65,1645,
66,1621,
67,1643,
68,1602,
69,1600,
70,1583,
71,1513,
72,1519,
73,1459,
74,1462,
75,1450,
76,1413,
77,1397,
78,1385,
79,1370,
80,1362,
81,1344,
82,1316,
83,1337,
84,1329,
85,1331,
86,1311,
87,1282,
88,1291,
89,1246,
90,1270,
91,1302,
92,1264,
93,1290,
94,1337,
95,1351,
96,1290,
97,1354,
98,1405,
99,1326,
1,2573,
2,2528,
3,2445,
4,2341,
5,2320,
6,2240,
7,2175,
8,2105,
9,1965,
10,1889,
11,1764,
12,1751,
13,1766,
14,1819,
15,1826,
16,1718,
17,1699,
18,1675,
19,1633,
20,1638,
21,1670,
22,1668,
23,1693,
24,1702,
25,1688,
26,1713,
27,1699,
28,1621,
29,1561,
30,1485,
31,1466,
32,1402,
33,1390,
34,1427,
35,1362,
36,1403,
37,1400,
38,1410,
39,1361,
40,1353,
41,1344,
42,1338,
43,1331,
44,1306,
45,1296,
46,1330,
47,1312,
48,1292,
49,1299,
50,1275,
51,1281,
52,1208,
53,1202,
54,1167,
55,1156,
56,1135,
57,1131,
58,1129,
59,1112,
60,1092,
61,1088,
62,1084,
63,1060,
64,1086,
65,1080,
66,1079,
67,1078,
68,1108,
69,1113,
70,1115,
71,1138,
72,1170,
73,1129,
74,1116,
75,1101,
76,1042,
77,1040,
78,1033,
79,1005,
80,1004,
81,996,
82,981,
83,1021,
84,1021,
85,983,
86,984,
87,1028,
88,999,
89,1001,
90,1007,
91,1005,
92,1000,
93,974,
94,974,
95,954,
96,956,
97,977,
98,969,
99,999,
1,2528,
2,2380,
3,2368,
4,2339,
5,2294,
6,2205,
7,2149,
8,2087,
9,2056,
10,1929,
11,1836,
12,1822,
13,1861,
14,1833,
15,1752,
16,1769,
17,1690,
18,1678,
19,1731,
20,1721,
21,1721,
22,1740,
23,1698,
24,1627,
25,1605,
26,1621,
27,1619,
28,1641,
29,1679,
30,1695,
31,1684,
32,1679,
33,1681,
34,1678,
35,1641,
36,1571,
37,1521,
38,1506,
39,1477,
40,1472,
41,1449,
42,1464,
43,1427,
44,1388,
45,1390,
46,1302,
47,1308,
48,1288,
49,1212,
50,1223,
51,1281,
52,1281,
53,1237,
54,1221,
55,1183,
56,1167,
57,1153,
58,1138,
59,1087,
60,1059,
61,1051,
62,1030,
63,982,
64,988,
65,1006,
66,1015,
67,1015,
68,985,
69,982,
70,975,
71,982,
72,988,
73,920,
74,927,
75,931,
76,903,
77,936,
78,930,
79,910,
80,865,
81,863,
82,861,
83,842,
84,837,
85,826,
86,826,
87,859,
88,836,
89,864,
90,854,
91,861,
92,867,
93,856,
94,828,
95,838,
96,810,
97,785,
98,804,
99,808,
1,2638,
2,2526,
3,2455,
4,2436,
5,2425,
6,2409,
7,2302,
8,2289,
9,2306,
10,2279,
11,2218,
12,2192,
13,2171,
14,2147,
15,2112,
16,2043,
17,1957,
18,1926,
19,1857,
20,1910,
21,1931,
22,1905,
23,1902,
24,1946,
25,1885,
26,1860,
27,1870,
28,1772,
29,1770,
30,1717,
31,1675,
32,1596,
33,1582,
34,1593,
35,1590,
36,1607,
37,1537,
38,1524,
39,1482,
40,1466,
41,1461,
42,1423,
43,1401,
44,1411,
45,1360,
46,1340,
47,1351,
48,1251,
49,1188,
50,1157,
51,1117,
52,1087,
53,1076,
54,1059,
55,1060,
56,1076,
57,1072,
58,1111,
59,1086,
60,1098,
61,1079,
62,1088,
63,1039,
64,1027,
65,1028,
66,1054,
67,1058,
68,1054,
69,1038,
70,1030,
71,1024,
72,1015,
73,995,
74,999,
75,1016,
76,1018,
77,1001,
78,1005,
79,994,
80,994,
81,998,
82,1000,
83,998,
84,958,
85,958,
86,906,
87,925,
88,924,
89,924,
90,921,
91,898,
92,897,
93,902,
94,901,
95,870,
96,883,
97,888,
98,886,
99,923,
1,2640,
2,2527,
3,2491,
4,2422,
5,2356,
6,2308,
7,2283,
8,2236,
9,2237,
10,2152,
11,2151,
12,2133,
13,2130,
14,2129,
15,2134,
16,2056,
17,2034,
18,2025,
19,2025,
20,1989,
21,2005,
22,1984,
23,1965,
24,1802,
25,1773,
26,1791,
27,1816,
28,1828,
29,1804,
30,1757,
31,1769,
32,1708,
33,1758,
34,1710,
35,1722,
36,1681,
37,1660,
38,1634,
39,1629,
40,1622,
41,1572,
42,1605,
43,1583,
44,1580,
45,1582,
46,1648,
47,1658,
48,1603,
49,1561,
50,1528,
51,1417,
52,1378,
53,1376,
54,1367,
55,1374,
56,1363,
57,1357,
58,1306,
59,1316,
60,1277,
61,1269,
62,1273,
63,1283,
64,1312,
65,1314,
66,1282,
67,1282,
68,1264,
69,1243,
70,1185,
71,1192,
72,1205,
73,1195,
74,1191,
75,1188,
76,1174,
77,1129,
78,1113,
79,1120,
80,1119,
81,1103,
82,1090,
83,1128,
84,1128,
85,1105,
86,1101,
87,1099,
88,1086,
89,1084,
90,1092,
91,1120,
92,1119,
93,1147,
94,1143,
95,1156,
96,1172,
97,1167,
98,1148,
99,1099,
1,2607,
2,2483,
3,2392,
4,2336,
5,2240,
6,2216,
7,2234,
8,2185,
9,2082,
10,2095,
11,1982,
12,1939,
13,1934,
14,1836,
15,1773,
16,1740,
17,1696,
18,1654,
19,1594,
20,1588,
21,1580,
22,1583,
23,1562,
24,1575,
25,1539,
26,1534,
27,1526,
28,1405,
29,1398,
30,1392,
31,1384,
32,1326,
33,1303,
34,1288,
35,1285,
36,1290,
37,1306,
38,1286,
39,1260,
40,1219,
41,1215,
42,1226,
43,1216,
44,1168,
45,1166,
46,1160,
47,1186,
48,1186,
49,1191,
50,1101,
51,1104,
52,1104,
53,1045,
54,1043,
55,1047,
56,1065,
57,1061,
58,1030,
59,1019,
60,1019,
61,1009,
62,1008,
63,970,
64,954,
65,954,
66,981,
67,955,
68,922,
69,910,
70,910,
71,909,
72,912,
73,933,
74,926,
75,932,
76,908,
77,874,
78,879,
79,797,
80,819,
81,802,
82,840,
83,839,
84,842,
85,874,
86,870,
87,880,
88,873,
89,901,
90,865,
91,859,
92,856,
93,837,
94,824,
95,764,
96,764,
97,765,
98,761,
99,731,
1,2607,
2,2549,
3,2443,
4,2355,
5,2337,
6,2283,
7,2259,
8,2206,
9,2139,
10,2162,
11,2170,
12,2128,
13,2028,
14,2005,
15,1931,
16,1919,
17,1866,
18,1913,
19,1867,
20,1887,
21,1858,
22,1889,
23,1884,
24,1871,
25,1801,
26,1831,
27,1811,
28,1760,
29,1722,
30,1705,
31,1664,
32,1603,
33,1603,
34,1571,
35,1571,
36,1577,
37,1552,
38,1528,
39,1516,
40,1482,
41,1502,
42,1497,
43,1447,
44,1436,
45,1518,
46,1543,
47,1511,
48,1503,
49,1515,
50,1515,
51,1474,
52,1478,
53,1468,
54,1420,
55,1422,
56,1278,
57,1261,
58,1239,
59,1264,
60,1209,
61,1203,
62,1198,
63,1194,
64,1203,
65,1204,
66,1198,
67,1195,
68,1175,
69,1179,
70,1182,
71,1174,
72,1173,
73,1209,
74,1206,
75,1211,
76,1222,
77,1210,
78,1220,
79,1198,
80,1210,
81,1214,
82,1213,
83,1189,
84,1181,
85,1078,
86,1089,
87,1066,
88,1066,
89,1066,
90,1093,
91,1099,
92,1097,
93,1090,
94,1089,
95,1091,
96,1076,
97,1074,
98,1094,
99,1090,
1,2567,
2,2433,
3,2374,
4,2349,
5,2204,
6,2102,
7,2037,
8,2064,
9,1995,
10,1916,
11,1887,
12,1850,
13,1896,
14,1840,
15,1834,
16,1800,
17,1777,
18,1755,
19,1721,
20,1663,
21,1593,
22,1586,
23,1572,
24,1569,
25,1591,
26,1561,
27,1508,
28,1530,
29,1521,
30,1495,
31,1469,
32,1467,
33,1533,
34,1468,
35,1461,
36,1461,
37,1431,
38,1407,
39,1443,
40,1421,
41,1380,
42,1316,
43,1304,
44,1265,
45,1225,
46,1226,
47,1223,
48,1224,
49,1216,
50,1221,
51,1201,
52,1227,
53,1176,
54,1151,
55,1118,
56,1100,
57,1083,
58,1081,
59,1133,
60,1126,
61,1124,
62,1123,
63,1122,
64,1124,
65,1137,
66,1116,
67,1117,
68,1121,
69,1126,
70,1099,
71,1110,
72,1103,
73,1070,
74,1076,
75,1075,
76,1075,
77,1075,
78,1066,
79,1123,
80,1120,
81,1119,
82,1117,
83,1064,
84,1035,
85,1029,
86,993,
87,1002,
88,1057,
89,1026,
90,1036,
91,1036,
92,1036,
93,1035,
94,1036,
95,1032,
96,1031,
97,1033,
98,1014,
99,1024,
1,2575,
2,2480,
3,2396,
4,2422,
5,2401,
6,2337,
7,2248,
8,2144,
9,2096,
10,1995,
11,1945,
12,1846,
13,1847,
14,1728,
15,1687,
16,1728,
17,1662,
18,1629,
19,1625,
20,1533,
21,1519,
22,1509,
23,1512,
24,1416,
25,1452,
26,1394,
27,1449,
28,1455,
29,1379,
30,1408,
31,1403,
32,1348,
33,1292,
34,1301,
35,1321,
36,1258,
37,1258,
38,1279,
39,1276,
40,1272,
41,1212,
42,1178,
43,1169,
44,1117,
45,1122,
46,1075,
47,1103,
48,1134,
49,1102,
50,1079,
51,1099,
52,1104,
53,1107,
54,1084,
55,1085,
56,1080,
57,1081,
58,1036,
59,1002,
60,971,
61,968,
62,968,
63,970,
64,965,
65,963,
66,891,
67,826,
68,826,
69,795,
70,744,
71,727,
72,726,
73,725,
74,746,
75,742,
76,709,
77,709,
78,709,
79,729,
80,716,
81,717,
82,727,
83,717,
84,677,
85,659,
86,657,
87,654,
88,655,
89,642,
90,642,
91,641,
92,622,
93,620,
94,620,
95,616,
96,659,
97,649,
98,649,
99,654,
1,2580,
2,2514,
3,2390,
4,2311,
5,2292,
6,2255,
7,2101,
8,2054,
9,2015,
10,1940,
11,1812,
12,1744,
13,1680,
14,1639,
15,1566,
16,1482,
17,1426,
18,1369,
19,1263,
20,1184,
21,1210,
22,1208,
23,1205,
24,1211,
25,1162,
26,1181,
27,1129,
28,1155,
29,1158,
30,1113,
31,1087,
32,1052,
33,1024,
34,1036,
35,1072,
36,1072,
37,1072,
38,1097,
39,1066,
40,1070,
41,1046,
42,1034,
43,1021,
44,988,
45,961,
46,954,
47,982,
48,964,
49,943,
50,908,
51,897,
52,910,
53,935,
54,924,
55,921,
56,852,
57,845,
58,817,
59,806,
60,788,
61,784,
62,784,
63,788,
64,776,
65,787,
66,776,
67,780,
68,758,
69,758,
70,766,
71,766,
72,817,
73,803,
74,803,
75,799,
76,814,
77,815,
78,848,
79,805,
80,802,
81,794,
82,763,
83,762,
84,753,
85,754,
86,751,
87,753,
88,754,
89,747,
90,745,
91,740,
92,734,
93,734,
94,732,
95,731,
96,730,
97,729,
98,732,
99,732,
1,2581,
2,2446,
3,2389,
4,2334,
5,2176,
6,2134,
7,2115,
8,2110,
9,2076,
10,2030,
11,2044,
12,1977,
13,1882,
14,1812,
15,1762,
16,1787,
17,1739,
18,1601,
19,1482,
20,1418,
21,1358,
22,1355,
23,1275,
24,1305,
25,1248,
26,1232,
27,1232,
28,1205,
29,1117,
30,1161,
31,1119,
32,1111,
33,1137,
34,1133,
35,1133,
36,1106,
37,1108,
38,1081,
39,1081,
40,1048,
41,1037,
42,1019,
43,1039,
44,1012,
45,1055,
46,1073,
47,974,
48,972,
49,934,
50,905,
51,915,
52,911,
53,905,
54,881,
55,864,
56,872,
57,845,
58,895,
59,896,
60,877,
61,856,
62,860,
63,842,
64,853,
65,832,
66,835,
67,806,
68,787,
69,750,
70,752,
71,752,
72,739,
73,739,
74,773,
75,745,
76,738,
77,707,
78,712,
79,705,
80,720,
81,720,
82,701,
83,701,
84,692,
85,688,
86,688,
87,687,
88,699,
89,673,
90,672,
91,688,
92,684,
93,683,
94,645,
95,656,
96,652,
97,666,
98,666,
99,673,
1,2640,
2,2567,
3,2443,
4,2322,
5,2295,
6,2329,
7,2257,
8,2178,
9,2096,
10,2056,
11,1992,
12,1968,
13,1984,
14,1986,
15,1955,
16,1900,
17,1881,
18,1872,
19,1840,
20,1795,
21,1793,
22,1799,
23,1739,
24,1737,
25,1747,
26,1723,
27,1767,
28,1779,
29,1774,
30,1703,
31,1713,
32,1682,
33,1699,
34,1697,
35,1692,
36,1710,
37,1700,
38,1705,
39,1689,
40,1675,
41,1689,
42,1648,
43,1651,
44,1636,
45,1464,
46,1439,
47,1430,
48,1479,
49,1468,
50,1378,
51,1360,
52,1379,
53,1339,
54,1343,
55,1317,
56,1298,
57,1328,
58,1340,
59,1292,
60,1293,
61,1269,
62,1269,
63,1269,
64,1259,
65,1247,
66,1255,
67,1271,
68,1282,
69,1268,
70,1248,
71,1245,
72,1245,
73,1243,
74,1227,
75,1245,
76,1284,
77,1259,
78,1252,
79,1245,
80,1214,
81,1216,
82,1198,
83,1187,
84,1171,
85,1171,
86,1148,
87,1165,
88,1156,
89,1157,
90,1146,
91,1157,
92,1126,
93,1098,
94,1102,
95,1108,
96,1093,
97,1086,
98,1117,
99,1096,
1,2593,
2,2393,
3,2316,
4,2206,
5,2054,
6,1971,
7,1956,
8,1951,
9,1850,
10,1854,
11,1826,
12,1825,
13,1798,
14,1665,
15,1533,
16,1545,
17,1541,
18,1551,
19,1466,
20,1499,
21,1452,
22,1457,
23,1483,
24,1414,
25,1399,
26,1273,
27,1275,
28,1350,
29,1342,
30,1381,
31,1371,
32,1323,
33,1338,
34,1313,
35,1320,
36,1290,
37,1292,
38,1308,
39,1321,
40,1260,
41,1244,
42,1280,
43,1266,
44,1260,
45,1259,
46,1226,
47,1165,
48,1087,
49,1111,
50,1105,
51,1088,
52,1001,
53,1010,
54,975,
55,970,
56,920,
57,889,
58,853,
59,893,
60,890,
61,877,
62,885,
63,885,
64,908,
65,899,
66,916,
67,922,
68,962,
69,961,
70,977,
71,968,
72,964,
73,939,
74,930,
75,956,
76,939,
77,945,
78,903,
79,899,
80,865,
81,851,
82,835,
83,835,
84,866,
85,869,
86,847,
87,847,
88,847,
89,873,
90,844,
91,825,
92,812,
93,802,
94,784,
95,784,
96,775,
97,758,
98,742,
99,744,
1,2578,
2,2485,
3,2311,
4,2156,
5,2032,
6,2014,
7,1887,
8,1933,
9,1894,
10,1858,
11,1806,
12,1682,
13,1705,
14,1651,
15,1553,
16,1536,
17,1598,
18,1523,
19,1490,
20,1492,
21,1528,
22,1491,
23,1463,
24,1428,
25,1429,
26,1391,
27,1415,
28,1336,
29,1302,
30,1290,
31,1269,
32,1249,
33,1245,
34,1255,
35,1279,
36,1270,
37,1280,
38,1291,
39,1283,
40,1254,
41,1238,
42,1246,
43,1266,
44,1247,
45,1202,
46,1188,
47,1191,
48,1191,
49,1178,
50,1144,
51,1132,
52,1115,
53,1122,
54,1102,
55,1168,
56,1158,
57,1153,
58,1139,
59,1145,
60,1130,
61,1132,
62,1139,
63,1123,
64,1143,
65,1086,
66,1075,
67,1063,
68,1093,
69,1092,
70,1061,
71,1057,
72,1053,
73,1053,
74,1062,
75,1038,
76,1011,
77,1039,
78,1051,
79,1002,
80,960,
81,948,
82,955,
83,953,
84,986,
85,974,
86,963,
87,962,
88,911,
89,938,
90,938,
91,927,
92,937,
93,932,
94,953,
95,952,
96,947,
97,944,
98,951,
99,961,
1,2637,
2,2578,
3,2479,
4,2350,
5,2341,
6,2144,
7,2086,
8,2033,
9,1999,
10,1941,
11,1922,
12,1828,
13,1792,
14,1803,
15,1648,
16,1613,
17,1605,
18,1554,
19,1505,
20,1504,
21,1382,
22,1361,
23,1341,
24,1323,
25,1329,
26,1354,
27,1333,
28,1321,
29,1310,
30,1376,
31,1363,
32,1402,
33,1426,
34,1430,
35,1428,
36,1379,
37,1386,
38,1392,
39,1388,
40,1386,
41,1360,
42,1355,
43,1345,
44,1409,
45,1409,
46,1416,
47,1431,
48,1429,
49,1370,
50,1372,
51,1283,
52,1278,
53,1274,
54,1246,
55,1185,
56,1134,
57,1134,
58,1124,
59,1109,
60,1085,
61,1024,
62,1017,
63,1012,
64,1008,
65,1059,
66,1082,
67,1105,
68,1106,
69,1129,
70,1115,
71,1127,
72,1103,
73,1133,
74,1136,
75,1139,
76,1108,
77,1103,
78,1114,
79,1114,
80,1110,
81,1099,
82,1098,
83,1107,
84,1105,
85,1052,
86,1085,
87,1086,
88,1053,
89,1050,
90,1049,
91,1046,
92,1034,
93,1039,
94,1058,
95,1056,
96,1052,
97,1055,
98,1044,
99,1023,
1,2557,
2,2456,
3,2433,
4,2293,
5,2277,
6,2208,
7,2200,
8,2199,
9,2189,
10,2167,
11,2148,
12,2121,
13,2057,
14,2006,
15,1990,
16,1981,
17,1949,
18,1917,
19,1880,
20,1900,
21,1913,
22,1909,
23,1960,
24,1989,
25,1985,
26,1946,
27,1933,
28,1923,
29,1911,
30,1884,
31,1845,
32,1869,
33,1882,
34,1867,
35,1858,
36,1935,
37,1942,
38,1938,
39,1972,
40,1916,
41,1923,
42,1894,
43,1873,
44,1865,
45,1835,
46,1809,
47,1809,
48,1818,
49,1869,
50,1878,
51,1893,
52,1912,
53,1915,
54,1860,
55,1778,
56,1709,
57,1718,
58,1687,
59,1707,
60,1716,
61,1683,
62,1686,
63,1604,
64,1568,
65,1557,
66,1544,
67,1587,
68,1591,
69,1590,
70,1583,
71,1623,
72,1622,
73,1632,
74,1617,
75,1572,
76,1573,
77,1551,
78,1561,
79,1539,
80,1543,
81,1562,
82,1561,
83,1559,
84,1549,
85,1549,
86,1539,
87,1511,
88,1487,
89,1462,
90,1422,
91,1413,
92,1413,
93,1457,
94,1451,
95,1473,
96,1463,
97,1481,
98,1466,
99,1445,
1,2539,
2,2381,
3,2259,
4,2257,
5,2158,
6,2117,
7,1966,
8,1903,
9,1837,
10,1798,
11,1777,
12,1745,
13,1724,
14,1677,
15,1589,
16,1557,
17,1533,
18,1491,
19,1475,
20,1482,
21,1500,
22,1449,
23,1494,
24,1493,
25,1477,
26,1471,
27,1466,
28,1397,
29,1345,
30,1343,
31,1329,
32,1285,
33,1237,
34,1247,
35,1226,
36,1214,
37,1244,
38,1191,
39,1174,
40,1169,
41,1166,
42,1155,
43,1148,
44,1154,
45,1128,
46,1114,
47,1155,
48,1133,
49,1158,
50,1151,
51,1072,
52,1033,
53,1022,
54,955,
55,903,
56,902,
57,970,
58,954,
59,947,
60,914,
61,942,
62,901,
63,895,
64,886,
65,881,
66,913,
67,869,
68,884,
69,902,
70,897,
71,879,
72,886,
73,881,
74,941,
75,940,
76,916,
77,909,
78,912,
79,899,
80,891,
81,878,
82,878,
83,856,
84,828,
85,818,
86,813,
87,795,
88,807,
89,808,
90,791,
91,760,
92,766,
93,766,
94,785,
95,783,
96,763,
97,763,
98,762,
99,764,
1,2668,
2,2514,
3,2325,
4,2334,
5,2303,
6,2206,
7,2192,
8,2176,
9,2158,
10,2049,
11,2018,
12,1896,
13,1894,
14,1819,
15,1663,
16,1622,
17,1517,
18,1407,
19,1371,
20,1364,
21,1308,
22,1305,
23,1250,
24,1271,
25,1238,
26,1195,
27,1195,
28,1177,
29,1164,
30,1151,
31,1115,
32,1106,
33,1108,
34,1116,
35,1089,
36,1085,
37,1082,
38,1075,
39,1022,
40,1020,
41,1030,
42,1043,
43,1012,
44,989,
45,1015,
46,983,
47,985,
48,985,
49,983,
50,982,
51,959,
52,988,
53,920,
54,926,
55,873,
56,828,
57,804,
58,807,
59,807,
60,797,
61,803,
62,791,
63,786,
64,772,
65,778,
66,769,
67,775,
68,772,
69,691,
70,673,
71,671,
72,670,
73,667,
74,667,
75,664,
76,654,
77,673,
78,703,
79,651,
80,623,
81,623,
82,647,
83,670,
84,629,
85,625,
86,633,
87,614,
88,614,
89,629,
90,612,
91,626,
92,624,
93,624,
94,602,
95,605,
96,607,
97,645,
98,651,
99,648,
1,2639,
2,2566,
3,2526,
4,2388,
5,2339,
6,2288,
7,2272,
8,2159,
9,2043,
10,2037,
11,2009,
12,2009,
13,2016,
14,1959,
15,1927,
16,1910,
17,1822,
18,1811,
19,1737,
20,1685,
21,1680,
22,1699,
23,1627,
24,1584,
25,1531,
26,1500,
27,1455,
28,1503,
29,1494,
30,1444,
31,1443,
32,1423,
33,1403,
34,1390,
35,1386,
36,1358,
37,1341,
38,1338,
39,1394,
40,1389,
41,1365,
42,1379,
43,1378,
44,1344,
45,1331,
46,1336,
47,1345,
48,1338,
49,1311,
50,1315,
51,1238,
52,1200,
53,1198,
54,1228,
55,1227,
56,1205,
57,1260,
58,1265,
59,1252,
60,1253,
61,1271,
62,1298,
63,1285,
64,1275,
65,1300,
66,1237,
67,1309,
68,1308,
69,1223,
70,1147,
71,1133,
72,1168,
73,1167,
74,1160,
75,1190,
76,1179,
77,1176,
78,1139,
79,1147,
80,1126,
81,1156,
82,1127,
83,1122,
84,1129,
85,1112,
86,1116,
87,1104,
88,1084,
89,1059,
90,1053,
91,1057,
92,1028,
93,1038,
94,1090,
95,1114,
96,1116,
97,1085,
98,1059,
99,1070,
1,2638,
2,2389,
3,2354,
4,2358,
5,2271,
6,2200,
7,2222,
8,2206,
9,2191,
10,2164,
11,2133,
12,2058,
13,2026,
14,1999,
15,1991,
16,1885,
17,1905,
18,1908,
19,1823,
20,1788,
21,1686,
22,1639,
23,1592,
24,1551,
25,1552,
26,1498,
27,1503,
28,1459,
29,1438,
30,1445,
31,1423,
32,1425,
33,1414,
34,1407,
35,1367,
36,1361,
37,1320,
38,1238,
39,1201,
40,1221,
41,1185,
42,1170,
43,1116,
44,1106,
45,1103,
46,1081,
47,1106,
48,1059,
49,1028,
50,1015,
51,1018,
52,990,
53,989,
54,987,
55,970,
56,940,
57,944,
58,916,
59,841,
60,840,
61,829,
62,769,
63,770,
64,801,
65,827,
66,817,
67,832,
68,830,
69,877,
70,879,
71,898,
72,926,
73,869,
74,892,
75,873,
76,871,
77,846,
78,860,
79,903,
80,912,
81,882,
82,852,
83,855,
84,823,
85,821,
86,841,
87,845,
88,827,
89,826,
90,813,
91,751,
92,793,
93,742,
94,795,
95,823,
96,825,
97,828,
98,852,
99,848,
1,2601,
2,2532,
3,2398,
4,2432,
5,2292,
6,2205,
7,2157,
8,2160,
9,2122,
10,2077,
11,2005,
12,1920,
13,1844,
14,1901,
15,1746,
16,1743,
17,1755,
18,1730,
19,1632,
20,1557,
21,1590,
22,1597,
23,1585,
24,1561,
25,1527,
26,1534,
27,1502,
28,1455,
29,1449,
30,1471,
31,1487,
32,1457,
33,1449,
34,1401,
35,1375,
36,1355,
37,1394,
38,1417,
39,1391,
40,1415,
41,1383,
42,1384,
43,1368,
44,1362,
45,1292,
46,1248,
47,1242,
48,1261,
49,1214,
50,1198,
51,1221,
52,1218,
53,1230,
54,1208,
55,1204,
56,1213,
57,1189,
58,1206,
59,1167,
60,1126,
61,1155,
62,1136,
63,1080,
64,1064,
65,1070,
66,1066,
67,1071,
68,1032,
69,954,
70,974,
71,960,
72,958,
73,956,
74,953,
75,970,
76,969,
77,969,
78,917,
79,898,
80,879,
81,860,
82,827,
83,818,
84,800,
85,789,
86,781,
87,756,
88,758,
89,747,
90,713,
91,720,
92,739,
93,752,
94,737,
95,729,
96,733,
97,745,
98,747,
99,742,
1,2567,
2,2474,
3,2433,
4,2369,
5,2398,
6,2287,
7,2259,
8,2226,
9,2218,
10,2125,
11,2074,
12,2057,
13,2061,
14,2014,
15,1972,
16,1962,
17,1942,
18,1921,
19,1909,
20,1931,
21,1958,
22,1955,
23,1898,
24,1828,
25,1825,
26,1772,
27,1807,
28,1743,
29,1742,
30,1658,
31,1685,
32,1625,
33,1582,
34,1520,
35,1503,
36,1401,
37,1363,
38,1361,
39,1357,
40,1190,
41,1142,
42,1119,
43,1127,
44,1104,
45,1148,
46,1162,
47,1121,
48,1145,
49,1124,
50,1051,
51,1046,
52,1124,
53,1142,
54,1037,
55,1029,
56,1009,
57,974,
58,957,
59,989,
60,1010,
61,1002,
62,1039,
63,1036,
64,962,
65,946,
66,942,
67,935,
68,916,
69,935,
70,935,
71,938,
72,933,
73,909,
74,917,
75,904,
76,859,
77,864,
78,858,
79,833,
80,827,
81,819,
82,822,
83,810,
84,830,
85,820,
86,815,
87,812,
88,810,
89,846,
90,862,
91,841,
92,808,
93,823,
94,811,
95,847,
96,830,
97,830,
98,828,
99,808,
1,2611,
2,2467,
3,2376,
4,2307,
5,2252,
6,2188,
7,2118,
8,2098,
9,2072,
10,2111,
11,2054,
12,2069,
13,2040,
14,1940,
15,1932,
16,1881,
17,1816,
18,1723,
19,1676,
20,1681,
21,1627,
22,1609,
23,1595,
24,1577,
25,1575,
26,1561,
27,1511,
28,1438,
29,1402,
30,1390,
31,1290,
32,1302,
33,1203,
34,1173,
35,1170,
36,1136,
37,1126,
38,1095,
39,1101,
40,1062,
41,1041,
42,991,
43,990,
44,951,
45,944,
46,945,
47,892,
48,871,
49,872,
50,870,
51,830,
52,917,
53,912,
54,897,
55,906,
56,926,
57,885,
58,871,
59,862,
60,820,
61,843,
62,851,
63,862,
64,862,
65,859,
66,861,
67,861,
68,800,
69,773,
70,697,
71,694,
72,683,
73,696,
74,696,
75,680,
76,680,
77,674,
78,672,
79,668,
80,652,
81,643,
82,643,
83,643,
84,650,
85,639,
86,638,
87,638,
88,619,
89,613,
90,609,
91,592,
92,604,
93,606,
94,611,
95,611,
96,611,
97,611,
98,619,
99,619,
1,2609,
2,2513,
3,2459,
4,2388,
5,2268,
6,2201,
7,2164,
8,2168,
9,2066,
10,2028,
11,2022,
12,1973,
13,1908,
14,1859,
15,1877,
16,1897,
17,1854,
18,1859,
19,1814,
20,1721,
21,1690,
22,1708,
23,1725,
24,1781,
25,1729,
26,1679,
27,1642,
28,1629,
29,1606,
30,1633,
31,1480,
32,1419,
33,1435,
34,1438,
35,1396,
36,1388,
37,1396,
38,1399,
39,1403,
40,1414,
41,1413,
42,1442,
43,1421,
44,1398,
45,1398,
46,1406,
47,1357,
48,1352,
49,1312,
50,1340,
51,1338,
52,1385,
53,1382,
54,1381,
55,1398,
56,1376,
57,1358,
58,1341,
59,1315,
60,1280,
61,1281,
62,1275,
63,1276,
64,1261,
65,1259,
66,1269,
67,1279,
68,1188,
69,1179,
70,1222,
71,1206,
72,1192,
73,1188,
74,1187,
75,1159,
76,1212,
77,1170,
78,1131,
79,1117,
80,1084,
81,1113,
82,1106,
83,1057,
84,1052,
85,1025,
86,1046,
87,1046,
88,1034,
89,1032,
90,1034,
91,1032,
92,1022,
93,993,
94,1008,
95,1024,
96,1002,
97,1015,
98,1019,
99,1029,
1,2618,
2,2541,
3,2562,
4,2544,
5,2512,
6,2396,
7,2352,
8,2332,
9,2285,
10,2285,
11,2251,
12,2229,
13,2116,
14,2091,
15,2060,
16,2041,
17,1976,
18,1984,
19,2010,
20,2003,
21,1994,
22,1930,
23,1884,
24,1891,
25,1887,
26,1839,
27,1843,
28,1827,
29,1787,
30,1726,
31,1671,
32,1649,
33,1632,
34,1558,
35,1472,
36,1431,
37,1434,
38,1417,
39,1370,
40,1350,
41,1352,
42,1297,
43,1259,
44,1246,
45,1223,
46,1244,
47,1197,
48,1186,
49,1154,
50,1088,
51,1149,
52,1088,
53,1076,
54,1047,
55,1045,
56,995,
57,997,
58,1061,
59,1026,
60,999,
61,1032,
62,1089,
63,1087,
64,1018,
65,998,
66,1003,
67,984,
68,1039,
69,1064,
70,1051,
71,1044,
72,1038,
73,1013,
74,1004,
75,980,
76,954,
77,959,
78,962,
79,970,
80,974,
81,962,
82,955,
83,888,
84,863,
85,862,
86,809,
87,839,
88,839,
89,761,
90,711,
91,697,
92,719,
93,703,
94,702,
95,698,
96,719,
97,717,
98,725,
99,725,
1,2652,
2,2565,
3,2491,
4,2440,
5,2334,
6,2282,
7,2237,
8,2257,
9,2210,
10,2149,
11,2098,
12,1993,
13,1930,
14,1923,
15,1905,
16,1871,
17,1821,
18,1807,
19,1829,
20,1783,
21,1798,
22,1805,
23,1784,
24,1730,
25,1738,
26,1703,
27,1686,
28,1678,
29,1696,
30,1632,
31,1627,
32,1641,
33,1662,
34,1656,
35,1653,
36,1634,
37,1662,
38,1655,
39,1595,
40,1591,
41,1601,
42,1574,
43,1555,
44,1571,
45,1565,
46,1563,
47,1543,
48,1646,
49,1581,
50,1586,
51,1591,
52,1608,
53,1585,
54,1614,
55,1566,
56,1537,
57,1486,
58,1393,
59,1335,
60,1337,
61,1234,
62,1237,
63,1246,
64,1271,
65,1288,
66,1275,
67,1247,
68,1235,
69,1162,
70,1165,
71,1171,
72,1195,
73,1198,
74,1184,
75,1187,
76,1164,
77,1170,
78,1170,
79,1134,
80,1135,
81,1128,
82,1115,
83,1105,
84,1125,
85,1111,
86,1147,
87,1150,
88,1136,
89,1130,
90,1105,
91,1105,
92,1060,
93,1086,
94,1087,
95,1105,
96,1158,
97,1165,
98,1166,
99,1164,
1,2650,
2,2535,
3,2458,
4,2465,
5,2376,
6,2315,
7,2254,
8,2245,
9,2187,
10,2120,
11,2068,
12,1885,
13,1865,
14,1835,
15,1849,
16,1777,
17,1780,
18,1752,
19,1749,
20,1751,
21,1757,
22,1662,
23,1719,
24,1712,
25,1700,
26,1671,
27,1624,
28,1620,
29,1599,
30,1595,
31,1566,
32,1477,
33,1473,
34,1484,
35,1453,
36,1426,
37,1377,
38,1408,
39,1430,
40,1432,
41,1314,
42,1285,
43,1254,
44,1269,
45,1271,
46,1224,
47,1232,
48,1205,
49,1205,
50,1199,
51,1144,
52,1127,
53,1100,
54,1135,
55,1137,
56,1135,
57,1129,
58,1118,
59,1110,
60,1110,
61,1074,
62,1061,
63,1051,
64,1072,
65,1037,
66,1031,
67,1034,
68,1065,
69,1063,
70,1091,
71,1062,
72,1060,
73,1066,
74,1037,
75,1044,
76,1018,
77,1010,
78,958,
79,984,
80,891,
81,867,
82,869,
83,866,
84,818,
85,830,
86,882,
87,875,
88,877,
89,828,
90,802,
91,787,
92,784,
93,766,
94,766,
95,758,
96,775,
97,718,
98,721,
99,723,
1,2610,
2,2467,
3,2222,
4,2164,
5,2074,
6,1992,
7,1951,
8,1862,
9,1897,
10,1880,
11,1844,
12,1783,
13,1758,
14,1716,
15,1685,
16,1662,
17,1601,
18,1607,
19,1575,
20,1551,
21,1539,
22,1511,
23,1474,
24,1449,
25,1421,
26,1409,
27,1384,
28,1391,
29,1377,
30,1411,
31,1402,
32,1386,
33,1371,
34,1372,
35,1336,
36,1373,
37,1369,
38,1305,
39,1275,
40,1263,
41,1237,
42,1217,
43,1188,
44,1195,
45,1205,
46,1207,
47,1203,
48,1175,
49,1159,
50,1151,
51,1160,
52,1151,
53,1142,
54,1138,
55,1127,
56,1105,
57,1065,
58,1065,
59,1063,
60,1063,
61,1063,
62,1088,
63,1070,
64,1074,
65,1063,
66,1055,
67,1039,
68,1029,
69,1061,
70,1058,
71,1054,
72,1054,
73,1049,
74,1049,
75,1049,
76,1051,
77,1056,
78,1052,
79,1027,
80,1030,
81,1030,
82,1025,
83,1039,
84,1024,
85,985,
86,991,
87,1000,
88,972,
89,963,
90,950,
91,924,
92,923,
93,916,
94,920,
95,916,
96,915,
97,915,
98,907,
99,911,
1,2487,
2,2353,
3,2284,
4,2235,
5,2218,
6,2148,
7,2153,
8,2134,
9,2077,
10,2047,
11,1972,
12,1916,
13,1889,
14,1850,
15,1857,
16,1753,
17,1710,
18,1692,
19,1689,
20,1644,
21,1627,
22,1625,
23,1618,
24,1576,
25,1552,
26,1522,
27,1471,
28,1463,
29,1468,
30,1452,
31,1408,
32,1416,
33,1408,
34,1379,
35,1327,
36,1293,
37,1293,
38,1298,
39,1282,
40,1274,
41,1239,
42,1285,
43,1243,
44,1266,
45,1273,
46,1244,
47,1296,
48,1317,
49,1298,
50,1275,
51,1311,
52,1291,
53,1288,
54,1257,
55,1266,
56,1255,
57,1233,
58,1171,
59,1177,
60,1192,
61,1193,
62,1192,
63,1182,
64,1141,
65,1121,
66,1087,
67,1095,
68,1123,
69,1122,
70,1128,
71,1159,
72,1180,
73,1154,
74,1151,
75,1156,
76,1140,
77,1139,
78,1102,
79,1118,
80,1108,
81,1064,
82,1063,
83,1079,
84,1123,
85,1127,
86,1090,
87,1052,
88,1069,
89,1034,
90,1073,
91,1050,
92,1046,
93,1068,
94,1104,
95,1134,
96,1150,
97,1162,
98,1167,
99,1161,
1,2522,
2,2487,
3,2366,
4,2313,
5,2243,
6,2267,
7,2220,
8,2251,
9,2170,
10,2127,
11,2173,
12,2163,
13,2033,
14,1983,
15,1972,
16,1961,
17,1958,
18,1929,
19,1921,
20,1837,
21,1735,
22,1706,
23,1696,
24,1678,
25,1726,
26,1741,
27,1722,
28,1752,
29,1754,
30,1742,
31,1746,
32,1753,
33,1737,
34,1723,
35,1731,
36,1696,
37,1724,
38,1701,
39,1684,
40,1692,
41,1606,
42,1648,
43,1758,
44,1719,
45,1712,
46,1674,
47,1687,
48,1701,
49,1683,
50,1683,
51,1621,
52,1612,
53,1545,
54,1549,
55,1581,
56,1602,
57,1600,
58,1529,
59,1521,
60,1544,
61,1516,
62,1461,
63,1538,
64,1542,
65,1536,
66,1537,
67,1524,
68,1530,
69,1512,
70,1490,
71,1444,
72,1424,
73,1408,
74,1378,
75,1371,
76,1361,
77,1391,
78,1363,
79,1362,
80,1357,
81,1362,
82,1426,
83,1405,
84,1403,
85,1342,
86,1343,
87,1320,
88,1312,
89,1274,
90,1261,
91,1293,
92,1306,
93,1290,
94,1287,
95,1278,
96,1271,
97,1257,
98,1252,
99,1240,
1,2536,
2,2395,
3,2241,
4,2198,
5,2158,
6,2127,
7,2050,
8,2060,
9,1968,
10,1918,
11,1926,
12,1886,
13,1832,
14,1857,
15,1766,
16,1688,
17,1662,
18,1653,
19,1630,
20,1591,
21,1508,
22,1478,
23,1447,
24,1446,
25,1421,
26,1418,
27,1416,
28,1420,
29,1423,
30,1417,
31,1393,
32,1374,
33,1354,
34,1364,
35,1348,
36,1333,
37,1309,
38,1343,
39,1296,
40,1306,
41,1308,
42,1299,
43,1225,
44,1205,
45,1216,
46,1218,
47,1229,
48,1230,
49,1254,
50,1256,
51,1242,
52,1241,
53,1226,
54,1212,
55,1193,
56,1192,
57,1133,
58,1127,
59,1140,
60,1136,
61,1125,
62,1101,
63,1101,
64,1101,
65,1080,
66,1081,
67,1070,
68,1050,
69,1081,
70,1118,
71,1072,
72,1057,
73,1056,
74,1044,
75,1022,
76,1023,
77,1001,
78,989,
79,965,
80,987,
81,967,
82,965,
83,965,
84,951,
85,955,
86,957,
87,967,
88,957,
89,937,
90,948,
91,966,
92,957,
93,955,
94,878,
95,874,
96,859,
97,861,
98,859,
99,863,
1,2601,
2,2449,
3,2471,
4,2444,
5,2390,
6,2320,
7,2288,
8,2227,
9,2224,
10,2122,
11,2074,
12,2035,
13,2050,
14,2013,
15,1993,
16,1925,
17,1874,
18,1877,
19,1838,
20,1820,
21,1820,
22,1773,
23,1778,
24,1744,
25,1721,
26,1711,
27,1724,
28,1629,
29,1549,
30,1481,
31,1489,
32,1490,
33,1463,
34,1534,
35,1512,
36,1404,
37,1373,
38,1320,
39,1315,
40,1293,
41,1317,
42,1319,
43,1303,
44,1301,
45,1293,
46,1286,
47,1226,
48,1163,
49,1171,
50,1131,
51,1115,
52,1074,
53,1076,
54,988,
55,1001,
56,988,
57,982,
58,983,
59,947,
60,944,
61,933,
62,880,
63,880,
64,872,
65,836,
66,840,
67,846,
68,850,
69,823,
70,866,
71,880,
72,860,
73,858,
74,856,
75,853,
76,840,
77,840,
78,859,
79,858,
80,821,
81,786,
82,796,
83,788,
84,774,
85,742,
86,745,
87,721,
88,734,
89,713,
90,712,
91,712,
92,709,
93,684,
94,669,
95,692,
96,700,
97,696,
98,696,
99,694,
1,2624,
2,2582,
3,2524,
4,2507,
5,2352,
6,2302,
7,2215,
8,2123,
9,2064,
10,1968,
11,1947,
12,1915,
13,1869,
14,1838,
15,1880,
16,1810,
17,1749,
18,1740,
19,1605,
20,1529,
21,1461,
22,1464,
23,1421,
24,1446,
25,1441,
26,1447,
27,1431,
28,1378,
29,1333,
30,1302,
31,1292,
32,1295,
33,1247,
34,1192,
35,1173,
36,1128,
37,1080,
38,1084,
39,1052,
40,1033,
41,1078,
42,1102,
43,1101,
44,1092,
45,1068,
46,1062,
47,1005,
48,1003,
49,970,
50,969,
51,976,
52,986,
53,988,
54,974,
55,998,
56,991,
57,983,
58,1011,
59,989,
60,988,
61,979,
62,996,
63,902,
64,877,
65,833,
66,830,
67,829,
68,812,
69,824,
70,825,
71,745,
72,745,
73,759,
74,753,
75,765,
76,766,
77,736,
78,737,
79,754,
80,756,
81,775,
82,775,
83,751,
84,762,
85,755,
86,746,
87,740,
88,738,
89,774,
90,776,
91,798,
92,797,
93,799,
94,777,
95,807,
96,824,
97,813,
98,816,
99,832,
1,2543,
2,2482,
3,2372,
4,2335,
5,2315,
6,2289,
7,2242,
8,2222,
9,2204,
10,2151,
11,2166,
12,2046,
13,1957,
14,1935,
15,1883,
16,1782,
17,1842,
18,1833,
19,1815,
20,1741,
21,1721,
22,1686,
23,1624,
24,1533,
25,1581,
26,1528,
27,1532,
28,1506,
29,1491,
30,1482,
31,1461,
32,1466,
33,1437,
34,1372,
35,1377,
36,1356,
37,1309,
38,1323,
39,1304,
40,1305,
41,1303,
42,1319,
43,1316,
44,1263,
45,1232,
46,1229,
47,1222,
48,1218,
49,1219,
50,1242,
51,1241,
52,1242,
53,1167,
54,1168,
55,1156,
56,1071,
57,1071,
58,968,
59,930,
60,959,
61,959,
62,956,
63,950,
64,950,
65,935,
66,863,
67,856,
68,807,
69,799,
70,806,
71,788,
72,800,
73,809,
74,780,
75,759,
76,749,
77,744,
78,741,
79,739,
80,739,
81,776,
82,774,
83,769,
84,751,
85,767,
86,753,
87,768,
88,745,
89,726,
90,743,
91,743,
92,725,
93,717,
94,721,
95,769,
96,689,
97,629,
98,630,
99,626,
1,2616,
2,2502,
3,2358,
4,2327,
5,2268,
6,2226,
7,2136,
8,2080,
9,2037,
10,2056,
11,1993,
12,1993,
13,1963,
14,1958,
15,1937,
16,1969,
17,1968,
18,1873,
19,1839,
20,1771,
21,1642,
22,1620,
23,1619,
24,1633,
25,1586,
26,1546,
27,1516,
28,1499,
29,1419,
30,1367,
31,1357,
32,1355,
33,1315,
34,1198,
35,1148,
36,1136,
37,1114,
38,1165,
39,1173,
40,1137,
41,1122,
42,1082,
43,1139,
44,1086,
45,1039,
46,1013,
47,998,
48,896,
49,903,
50,902,
51,902,
52,911,
53,871,
54,868,
55,858,
56,847,
57,845,
58,825,
59,823,
60,817,
61,811,
62,839,
63,837,
64,833,
65,804,
66,815,
67,774,
68,805,
69,813,
70,807,
71,806,
72,837,
73,862,
74,840,
75,848,
76,856,
77,808,
78,802,
79,801,
80,800,
81,802,
82,762,
83,756,
84,733,
85,722,
86,740,
87,720,
88,702,
89,703,
90,696,
91,731,
92,678,
93,680,
94,682,
95,675,
96,668,
97,668,
98,683,
99,683,
1,2589,
2,2478,
3,2381,
4,2266,
5,2228,
6,2199,
7,2103,
8,2096,
9,2008,
10,1965,
11,1941,
12,1942,
13,1971,
14,1887,
15,1867,
16,1747,
17,1743,
18,1690,
19,1642,
20,1612,
21,1484,
22,1439,
23,1414,
24,1389,
25,1325,
26,1313,
27,1313,
28,1348,
29,1325,
30,1340,
31,1369,
32,1374,
33,1359,
34,1358,
35,1305,
36,1255,
37,1254,
38,1266,
39,1256,
40,1257,
41,1248,
42,1229,
43,1235,
44,1192,
45,1174,
46,1147,
47,1140,
48,1096,
49,1083,
50,1131,
51,1110,
52,1106,
53,1112,
54,1112,
55,1068,
56,1068,
57,1078,
58,1068,
59,967,
60,961,
61,930,
62,929,
63,911,
64,908,
65,896,
66,895,
67,894,
68,900,
69,903,
70,901,
71,915,
72,829,
73,826,
74,813,
75,812,
76,768,
77,734,
78,677,
79,681,
80,676,
81,642,
82,640,
83,635,
84,650,
85,659,
86,657,
87,652,
88,652,
89,644,
90,643,
91,654,
92,640,
93,642,
94,647,
95,646,
96,642,
97,630,
98,585,
99,529,
1,2608,
2,2533,
3,2478,
4,2304,
5,2265,
6,2168,
7,2094,
8,2015,
9,1992,
10,2006,
11,1968,
12,1886,
13,1830,
14,1779,
15,1804,
16,1748,
17,1672,
18,1633,
19,1577,
20,1538,
21,1548,
22,1540,
23,1533,
24,1488,
25,1495,
26,1366,
27,1299,
28,1170,
29,1132,
30,1147,
31,1126,
32,1149,
33,1146,
34,1176,
35,1175,
36,1167,
37,1164,
38,1161,
39,1146,
40,1135,
41,1119,
42,1074,
43,1080,
44,1057,
45,1019,
46,1008,
47,997,
48,997,
49,996,
50,999,
51,950,
52,953,
53,938,
54,937,
55,898,
56,899,
57,957,
58,907,
59,874,
60,878,
61,878,
62,910,
63,904,
64,893,
65,862,
66,854,
67,856,
68,862,
69,836,
70,856,
71,851,
72,849,
73,846,
74,822,
75,812,
76,812,
77,836,
78,838,
79,844,
80,846,
81,846,
82,835,
83,835,
84,850,
85,855,
86,859,
87,875,
88,874,
89,883,
90,887,
91,923,
92,920,
93,889,
94,885,
95,885,
96,903,
97,912,
98,854,
99,853,
1,2549,
2,2478,
3,2388,
4,2292,
5,2257,
6,2241,
7,2204,
8,2204,
9,2123,
10,2120,
11,2062,
12,2050,
13,2043,
14,2035,
15,2049,
16,2019,
17,2029,
18,2018,
19,1943,
20,1912,
21,1860,
22,1879,
23,1871,
24,1879,
25,1888,
26,1801,
27,1814,
28,1767,
29,1712,
30,1746,
31,1734,
32,1720,
33,1722,
34,1695,
35,1650,
36,1612,
37,1574,
38,1512,
39,1492,
40,1489,
41,1503,
42,1486,
43,1482,
44,1452,
45,1445,
46,1440,
47,1441,
48,1441,
49,1443,
50,1431,
51,1419,
52,1405,
53,1366,
54,1313,
55,1318,
56,1321,
57,1315,
58,1330,
59,1320,
60,1319,
61,1286,
62,1248,
63,1217,
64,1169,
65,1131,
66,1164,
67,1188,
68,1174,
69,1164,
70,1222,
71,1200,
72,1182,
73,1162,
74,1160,
75,1134,
76,1128,
77,1125,
78,1116,
79,1138,
80,1145,
81,1153,
82,1148,
83,1155,
84,1139,
85,1039,
86,1035,
87,1037,
88,987,
89,1013,
90,1045,
91,1028,
92,1008,
93,972,
94,958,
95,963,
96,969,
97,971,
98,961,
99,956,
1,2563,
2,2536,
3,2451,
4,2425,
5,2308,
6,2174,
7,2066,
8,2103,
9,2065,
10,2011,
11,1969,
12,1965,
13,1956,
14,1875,
15,1845,
16,1794,
17,1733,
18,1724,
19,1715,
20,1700,
21,1694,
22,1708,
23,1711,
24,1716,
25,1664,
26,1578,
27,1590,
28,1570,
29,1569,
30,1434,
31,1410,
32,1409,
33,1402,
34,1355,
35,1306,
36,1300,
37,1252,
38,1228,
39,1190,
40,1214,
41,1180,
42,1185,
43,1169,
44,1136,
45,1000,
46,1030,
47,1004,
48,986,
49,1002,
50,952,
51,967,
52,987,
53,983,
54,981,
55,977,
56,883,
57,842,
58,839,
59,885,
60,883,
61,875,
62,833,
63,837,
64,796,
65,799,
66,753,
67,757,
68,758,
69,757,
70,761,
71,759,
72,759,
73,791,
74,744,
75,736,
76,736,
77,727,
78,725,
79,727,
80,679,
81,679,
82,667,
83,665,
84,665,
85,669,
86,669,
87,672,
88,652,
89,620,
90,615,
91,671,
92,639,
93,654,
94,606,
95,613,
96,634,
97,608,
98,600,
99,600,
1,2555,
2,2443,
3,2362,
4,2331,
5,2309,
6,2269,
7,2126,
8,2086,
9,2040,
10,2029,
11,2021,
12,1987,
13,1960,
14,1981,
15,1936,
16,1918,
17,1912,
18,1880,
19,1860,
20,1881,
21,1889,
22,1865,
23,1826,
24,1795,
25,1772,
26,1783,
27,1792,
28,1825,
29,1772,
30,1738,
31,1740,
32,1661,
33,1605,
34,1549,
35,1496,
36,1501,
37,1491,
38,1494,
39,1457,
40,1452,
41,1439,
42,1428,
43,1428,
44,1462,
45,1404,
46,1363,
47,1349,
48,1371,
49,1372,
50,1372,
51,1366,
52,1376,
53,1353,
54,1319,
55,1322,
56,1311,
57,1289,
58,1256,
59,1256,
60,1216,
61,1210,
62,1211,
63,1166,
64,1151,
65,1148,
66,1161,
67,1168,
68,1169,
69,1176,
70,1177,
71,1178,
72,1152,
73,1091,
74,1082,
75,1074,
76,1078,
77,1109,
78,1092,
79,1111,
80,1114,
81,1074,
82,1100,
83,1105,
84,1100,
85,1116,
86,1087,
87,1081,
88,1089,
89,1081,
90,1099,
91,1093,
92,1109,
93,1112,
94,1102,
95,1096,
96,1121,
97,1103,
98,1093,
99,1095,
1,2652,
2,2429,
3,2323,
4,2203,
5,2186,
6,2178,
7,2118,
8,1961,
9,1936,
10,1881,
11,1821,
12,1778,
13,1737,
14,1749,
15,1721,
16,1711,
17,1748,
18,1771,
19,1746,
20,1673,
21,1607,
22,1520,
23,1566,
24,1561,
25,1549,
26,1569,
27,1540,
28,1536,
29,1550,
30,1518,
31,1504,
32,1459,
33,1453,
34,1429,
35,1429,
36,1408,
37,1420,
38,1382,
39,1342,
40,1330,
41,1321,
42,1310,
43,1316,
44,1312,
45,1321,
46,1324,
47,1266,
48,1251,
49,1228,
50,1286,
51,1271,
52,1278,
53,1273,
54,1217,
55,1117,
56,1135,
57,1156,
58,1151,
59,1116,
60,1092,
61,1051,
62,1058,
63,1033,
64,1039,
65,1033,
66,1028,
67,1029,
68,995,
69,975,
70,965,
71,952,
72,950,
73,938,
74,955,
75,978,
76,966,
77,956,
78,968,
79,956,
80,956,
81,987,
82,942,
83,937,
84,941,
85,920,
86,997,
87,899,
88,902,
89,849,
90,767,
91,765,
92,779,
93,777,
94,777,
95,749,
96,752,
97,710,
98,710,
99,717,
1,2565,
2,2435,
3,2273,
4,2235,
5,2119,
6,1931,
7,1932,
8,1898,
9,1872,
10,1824,
11,1759,
12,1757,
13,1725,
14,1650,
15,1555,
16,1567,
17,1553,
18,1517,
19,1513,
20,1409,
21,1304,
22,1247,
23,1176,
24,1141,
25,1148,
26,1083,
27,1101,
28,1110,
29,1073,
30,1042,
31,1016,
32,959,
33,954,
34,943,
35,968,
36,929,
37,895,
38,901,
39,886,
40,888,
41,906,
42,869,
43,839,
44,839,
45,875,
46,843,
47,844,
48,892,
49,881,
50,835,
51,814,
52,821,
53,822,
54,819,
55,815,
56,793,
57,759,
58,716,
59,731,
60,754,
61,779,
62,798,
63,826,
64,833,
65,831,
66,819,
67,787,
68,788,
69,828,
70,849,
71,853,
72,853,
73,848,
74,845,
75,824,
76,803,
77,803,
78,805,
79,770,
80,746,
81,731,
82,738,
83,749,
84,731,
85,727,
86,722,
87,714,
88,715,
89,729,
90,729,
91,711,
92,652,
93,666,
94,653,
95,639,
96,653,
97,653,
98,661,
99,675,
1,2605,
2,2516,
3,2336,
4,2217,
5,2161,
6,2121,
7,2056,
8,1941,
9,1859,
10,1826,
11,1790,
12,1768,
13,1751,
14,1831,
15,1753,
16,1652,
17,1660,
18,1623,
19,1602,
20,1546,
21,1581,
22,1554,
23,1504,
24,1461,
25,1430,
26,1454,
27,1414,
28,1414,
29,1447,
30,1430,
31,1346,
32,1368,
33,1351,
34,1337,
35,1233,
36,1204,
37,1203,
38,1174,
39,1171,
40,1152,
41,1137,
42,1160,
43,1158,
44,1158,
45,1150,
46,1125,
47,1135,
48,1200,
49,1190,
50,1201,
51,1204,
52,1205,
53,1202,
54,1171,
55,1200,
56,1217,
57,1176,
58,1200,
59,1176,
60,1167,
61,1148,
62,1129,
63,1163,
64,1137,
65,1157,
66,1155,
67,1174,
68,1160,
69,1145,
70,1137,
71,1146,
72,1142,
73,1141,
74,1145,
75,1143,
76,1183,
77,1168,
78,1176,
79,1181,
80,1163,
81,1119,
82,1118,
83,1138,
84,1180,
85,1175,
86,1167,
87,1187,
88,1188,
89,1184,
90,1184,
91,1170,
92,1163,
93,1161,
94,1159,
95,1088,
96,1048,
97,1054,
98,1081,
99,1097,
1,2542,
2,2480,
3,2340,
4,2155,
5,2109,
6,2118,
7,2071,
8,2029,
9,2040,
10,2060,
11,2048,
12,2014,
13,1982,
14,1956,
15,1916,
16,1857,
17,1818,
18,1776,
19,1693,
20,1756,
21,1722,
22,1724,
23,1633,
24,1637,
25,1497,
26,1505,
27,1413,
28,1440,
29,1460,
30,1410,
31,1297,
32,1304,
33,1259,
34,1172,
35,1147,
36,1119,
37,1119,
38,1082,
39,1074,
40,1062,
41,1032,
42,1087,
43,1084,
44,1025,
45,966,
46,910,
47,907,
48,882,
49,882,
50,880,
51,873,
52,872,
53,901,
54,901,
55,859,
56,836,
57,858,
58,859,
59,842,
60,840,
61,793,
62,784,
63,804,
64,804,
65,804,
66,797,
67,800,
68,843,
69,832,
70,832,
71,834,
72,850,
73,855,
74,846,
75,858,
76,854,
77,817,
78,808,
79,812,
80,811,
81,799,
82,801,
83,801,
84,796,
85,808,
86,860,
87,856,
88,844,
89,828,
90,816,
91,816,
92,815,
93,816,
94,814,
95,787,
96,801,
97,803,
98,814,
99,807,
1,2682,
2,2618,
3,2531,
4,2430,
5,2394,
6,2356,
7,2309,
8,2294,
9,2247,
10,2218,
11,2156,
12,2140,
13,2053,
14,2057,
15,1995,
16,1932,
17,1859,
18,1808,
19,1770,
20,1767,
21,1760,
22,1782,
23,1783,
24,1742,
25,1760,
26,1738,
27,1731,
28,1712,
29,1694,
30,1680,
31,1545,
32,1523,
33,1466,
34,1436,
35,1426,
36,1428,
37,1422,
38,1442,
39,1411,
40,1518,
41,1484,
42,1471,
43,1421,
44,1417,
45,1410,
46,1394,
47,1264,
48,1247,
49,1176,
50,1152,
51,1136,
52,1116,
53,1115,
54,1130,
55,1090,
56,1027,
57,964,
58,926,
59,979,
60,999,
61,955,
62,929,
63,899,
64,888,
65,907,
66,853,
67,821,
68,815,
69,781,
70,820,
71,819,
72,831,
73,831,
74,798,
75,741,
76,730,
77,722,
78,687,
79,679,
80,705,
81,682,
82,697,
83,678,
84,640,
85,640,
86,625,
87,592,
88,588,
89,577,
90,604,
91,590,
92,589,
93,589,
94,565,
95,573,
96,568,
97,564,
98,576,
99,576,
1,2659,
2,2616,
3,2557,
4,2496,
5,2469,
6,2391,
7,2363,
8,2309,
9,2240,
10,2227,
11,2202,
12,2194,
13,2136,
14,2103,
15,2057,
16,2040,
17,2031,
18,2020,
19,2011,
20,1974,
21,1981,
22,1931,
23,1875,
24,1848,
25,1789,
26,1804,
27,1841,
28,1865,
29,1881,
30,1870,
31,1830,
32,1755,
33,1739,
34,1675,
35,1661,
36,1622,
37,1631,
38,1555,
39,1590,
40,1568,
41,1561,
42,1558,
43,1543,
44,1465,
45,1527,
46,1512,
47,1521,
48,1520,
49,1512,
50,1516,
51,1535,
52,1509,
53,1510,
54,1434,
55,1422,
56,1453,
57,1434,
58,1431,
59,1439,
60,1442,
61,1358,
62,1348,
63,1406,
64,1376,
65,1373,
66,1378,
67,1370,
68,1374,
69,1341,
70,1364,
71,1353,
72,1352,
73,1349,
74,1281,
75,1250,
76,1223,
77,1221,
78,1211,
79,1233,
80,1273,
81,1272,
82,1270,
83,1298,
84,1308,
85,1336,
86,1315,
87,1291,
88,1291,
89,1268,
90,1248,
91,1210,
92,1207,
93,1230,
94,1202,
95,1162,
96,1187,
97,1147,
98,1135,
99,1156,
1,2594,
2,2497,
3,2401,
4,2374,
5,2301,
6,2248,
7,2199,
8,2098,
9,2035,
10,1979,
11,1959,
12,1930,
13,1910,
14,1963,
15,1906,
16,1821,
17,1755,
18,1714,
19,1728,
20,1726,
21,1658,
22,1654,
23,1617,
24,1587,
25,1565,
26,1569,
27,1570,
28,1539,
29,1559,
30,1598,
31,1569,
32,1555,
33,1549,
34,1596,
35,1563,
36,1533,
37,1528,
38,1518,
39,1498,
40,1493,
41,1475,
42,1462,
43,1441,
44,1437,
45,1438,
46,1452,
47,1460,
48,1422,
49,1399,
50,1391,
51,1409,
52,1372,
53,1362,
54,1337,
55,1292,
56,1258,
57,1312,
58,1297,
59,1285,
60,1299,
61,1299,
62,1291,
63,1260,
64,1260,
65,1252,
66,1251,
67,1287,
68,1283,
69,1287,
70,1316,
71,1316,
72,1340,
73,1332,
74,1325,
75,1337,
76,1341,
77,1336,
78,1314,
79,1313,
80,1306,
81,1310,
82,1284,
83,1301,
84,1338,
85,1319,
86,1275,
87,1270,
88,1259,
89,1208,
90,1243,
91,1234,
92,1185,
93,1198,
94,1181,
95,1170,
96,1175,
97,1132,
98,1140,
99,1188,
1,2499,
2,2399,
3,2401,
4,2381,
5,2315,
6,2294,
7,2266,
8,2277,
9,2229,
10,2184,
11,2195,
12,2147,
13,2117,
14,2103,
15,2074,
16,2068,
17,2008,
18,2000,
19,1991,
20,1859,
21,1814,
22,1742,
23,1684,
24,1640,
25,1576,
26,1576,
27,1530,
28,1517,
29,1407,
30,1378,
31,1340,
32,1333,
33,1262,
34,1194,
35,1154,
36,1179,
37,1219,
38,1209,
39,1221,
40,1194,
41,1201,
42,1207,
43,1187,
44,1165,
45,1158,
46,1138,
47,1149,
48,1161,
49,1220,
50,1217,
51,1207,
52,1204,
53,1180,
54,1169,
55,1148,
56,1169,
57,1153,
58,1153,
59,1145,
60,1144,
61,1135,
62,1139,
63,1129,
64,1070,
65,1086,
66,1061,
67,1082,
68,1071,
69,1047,
70,1004,
71,972,
72,956,
73,978,
74,946,
75,931,
76,924,
77,919,
78,916,
79,887,
80,857,
81,855,
82,898,
83,930,
84,940,
85,924,
86,904,
87,880,
88,880,
89,881,
90,870,
91,850,
92,834,
93,834,
94,802,
95,799,
96,797,
97,793,
98,782,
99,778,
1,2553,
2,2418,
3,2288,
4,2230,
5,2165,
6,2116,
7,2142,
8,2079,
9,2060,
10,1997,
11,1979,
12,2001,
13,1973,
14,1941,
15,1865,
16,1783,
17,1773,
18,1754,
19,1718,
20,1697,
21,1686,
22,1684,
23,1668,
24,1653,
25,1630,
26,1597,
27,1577,
28,1558,
29,1549,
30,1552,
31,1525,
32,1526,
33,1535,
34,1534,
35,1515,
36,1506,
37,1453,
38,1471,
39,1441,
40,1490,
41,1458,
42,1474,
43,1448,
44,1487,
45,1498,
46,1443,
47,1403,
48,1392,
49,1400,
50,1365,
51,1378,
52,1375,
53,1383,
54,1357,
55,1297,
56,1291,
57,1288,
58,1320,
59,1332,
60,1326,
61,1331,
62,1302,
63,1226,
64,1234,
65,1245,
66,1249,
67,1152,
68,1120,
69,1108,
70,1083,
71,1029,
72,1044,
73,1050,
74,1034,
75,1004,
76,954,
77,946,
78,934,
79,927,
80,903,
81,889,
82,882,
83,872,
84,870,
85,874,
86,903,
87,889,
88,866,
89,841,
90,835,
91,852,
92,844,
93,857,
94,873,
95,870,
96,866,
97,875,
98,880,
99,857,
1,2585,
2,2524,
3,2467,
4,2303,
5,2288,
6,2328,
7,2337,
8,2343,
9,2304,
10,2274,
11,2236,
12,2160,
13,2044,
14,1883,
15,1819,
16,1778,
17,1629,
18,1622,
19,1646,
20,1647,
21,1633,
22,1543,
23,1470,
24,1442,
25,1377,
26,1360,
27,1334,
28,1350,
29,1308,
30,1299,
31,1341,
32,1302,
33,1338,
34,1297,
35,1266,
36,1283,
37,1286,
38,1256,
39,1252,
40,1210,
41,1150,
42,1135,
43,1122,
44,1098,
45,1102,
46,1116,
47,1126,
48,1105,
49,1103,
50,1096,
51,1067,
52,1068,
53,1006,
54,1006,
55,1002,
56,966,
57,979,
58,970,
59,951,
60,955,
61,992,
62,1047,
63,1029,
64,1011,
65,1026,
66,1006,
67,975,
68,970,
69,961,
70,978,
71,973,
72,983,
73,986,
74,983,
75,934,
76,933,
77,947,
78,941,
79,944,
80,957,
81,968,
82,970,
83,974,
84,965,
85,944,
86,944,
87,937,
88,935,
89,913,
90,907,
91,910,
92,904,
93,865,
94,859,
95,808,
96,831,
97,856,
98,830,
99,816,
1,2624,
2,2544,
3,2405,
4,2426,
5,2489,
6,2435,
7,2375,
8,2364,
9,2277,
10,2218,
11,2171,
12,2138,
13,1996,
14,1959,
15,1923,
16,1895,
17,1929,
18,1910,
19,1906,
20,1876,
21,1850,
22,1818,
23,1838,
24,1804,
25,1805,
26,1782,
27,1746,
28,1689,
29,1589,
30,1553,
31,1537,
32,1585,
33,1550,
34,1531,
35,1488,
36,1498,
37,1547,
38,1558,
39,1583,
40,1596,
41,1590,
42,1576,
43,1556,
44,1541,
45,1523,
46,1531,
47,1535,
48,1580,
49,1571,
50,1516,
51,1511,
52,1447,
53,1407,
54,1386,
55,1358,
56,1381,
57,1370,
58,1375,
59,1407,
60,1336,
61,1333,
62,1334,
63,1284,
64,1287,
65,1285,
66,1261,
67,1167,
68,1106,
69,1108,
70,1073,
71,1105,
72,1106,
73,1094,
74,1150,
75,1154,
76,1143,
77,1040,
78,1031,
79,1054,
80,1026,
81,950,
82,953,
83,932,
84,915,
85,916,
86,915,
87,838,
88,834,
89,808,
90,770,
91,770,
92,765,
93,760,
94,761,
95,775,
96,761,
97,742,
98,739,
99,740,
1,2617,
2,2514,
3,2385,
4,2412,
5,2379,
6,2302,
7,2300,
8,2306,
9,2247,
10,2248,
11,2217,
12,2240,
13,2138,
14,2082,
15,2024,
16,1977,
17,1972,
18,1900,
19,1856,
20,1884,
21,1838,
22,1879,
23,1897,
24,1922,
25,1894,
26,1861,
27,1721,
28,1786,
29,1803,
30,1774,
31,1763,
32,1756,
33,1761,
34,1746,
35,1700,
36,1707,
37,1736,
38,1740,
39,1745,
40,1715,
41,1710,
42,1699,
43,1682,
44,1704,
45,1694,
46,1677,
47,1660,
48,1653,
49,1652,
50,1647,
51,1643,
52,1635,
53,1629,
54,1624,
55,1601,
56,1587,
57,1589,
58,1562,
59,1493,
60,1469,
61,1459,
62,1442,
63,1428,
64,1425,
65,1425,
66,1450,
67,1447,
68,1451,
69,1422,
70,1424,
71,1440,
72,1441,
73,1449,
74,1413,
75,1357,
76,1349,
77,1325,
78,1313,
79,1325,
80,1321,
81,1340,
82,1396,
83,1395,
84,1391,
85,1432,
86,1376,
87,1381,
88,1379,
89,1383,
90,1389,
91,1376,
92,1382,
93,1408,
94,1392,
95,1387,
96,1378,
97,1363,
98,1373,
99,1358,
1,2580,
2,2535,
3,2440,
4,2350,
5,2299,
6,2282,
7,2246,
8,2202,
9,2198,
10,2149,
11,2129,
12,2087,
13,2061,
14,2082,
15,2091,
16,2005,
17,1966,
18,1985,
19,1958,
20,1898,
21,1845,
22,1844,
23,1816,
24,1709,
25,1669,
26,1663,
27,1650,
28,1641,
29,1650,
30,1631,
31,1636,
32,1637,
33,1617,
34,1594,
35,1556,
36,1506,
37,1521,
38,1530,
39,1510,
40,1490,
41,1492,
42,1477,
43,1472,
44,1424,
45,1418,
46,1358,
47,1350,
48,1287,
49,1257,
50,1259,
51,1253,
52,1270,
53,1274,
54,1249,
55,1251,
56,1240,
57,1268,
58,1257,
59,1246,
60,1238,
61,1252,
62,1237,
63,1206,
64,1208,
65,1210,
66,1207,
67,1161,
68,1185,
69,1183,
70,1175,
71,1175,
72,1160,
73,1159,
74,1155,
75,1125,
76,1082,
77,1094,
78,1097,
79,1080,
80,1103,
81,1116,
82,1121,
83,1144,
84,1146,
85,1124,
86,1116,
87,1113,
88,1100,
89,1125,
90,1085,
91,1073,
92,1070,
93,1069,
94,1089,
95,1057,
96,1088,
97,1101,
98,1100,
99,1098,
1,2560,
2,2537,
3,2470,
4,2427,
5,2429,
6,2379,
7,2371,
8,2352,
9,2281,
10,2277,
11,2229,
12,2173,
13,2119,
14,2046,
15,1973,
16,1923,
17,1883,
18,1962,
19,1977,
20,1939,
21,1910,
22,1903,
23,1921,
24,1883,
25,1844,
26,1815,
27,1844,
28,1869,
29,1873,
30,1775,
31,1815,
32,1753,
33,1745,
34,1739,
35,1745,
36,1686,
37,1667,
38,1621,
39,1667,
40,1646,
41,1627,
42,1548,
43,1448,
44,1364,
45,1396,
46,1302,
47,1350,
48,1335,
49,1333,
50,1317,
51,1318,
52,1312,
53,1297,
54,1291,
55,1309,
56,1290,
57,1197,
58,1216,
59,1219,
60,1218,
61,1207,
62,1200,
63,1209,
64,1230,
65,1231,
66,1240,
67,1228,
68,1218,
69,1195,
70,1195,
71,1188,
72,1142,
73,1152,
74,1154,
75,1052,
76,1046,
77,1045,
78,1023,
79,1009,
80,1024,
81,939,
82,888,
83,893,
84,881,
85,883,
86,873,
87,834,
88,797,
89,867,
90,827,
91,841,
92,830,
93,835,
94,824,
95,820,
96,820,
97,817,
98,821,
99,820,
1,2584,
2,2415,
3,2329,
4,2231,
5,2201,
6,2134,
7,2125,
8,2127,
9,2068,
10,1991,
11,1884,
12,1827,
13,1712,
14,1666,
15,1720,
16,1685,
17,1697,
18,1692,
19,1650,
20,1660,
21,1644,
22,1680,
23,1690,
24,1604,
25,1572,
26,1488,
27,1473,
28,1457,
29,1450,
30,1399,
31,1387,
32,1394,
33,1348,
34,1350,
35,1338,
36,1287,
37,1302,
38,1368,
39,1344,
40,1264,
41,1226,
42,1184,
43,1139,
44,1083,
45,1066,
46,1059,
47,1080,
48,1096,
49,1115,
50,1029,
51,1023,
52,1041,
53,1049,
54,1026,
55,993,
56,1034,
57,1033,
58,1038,
59,1044,
60,1041,
61,1012,
62,984,
63,996,
64,958,
65,962,
66,947,
67,851,
68,853,
69,863,
70,849,
71,849,
72,832,
73,804,
74,804,
75,804,
76,798,
77,774,
78,774,
79,740,
80,788,
81,783,
82,784,
83,778,
84,783,
85,783,
86,752,
87,751,
88,720,
89,720,
90,693,
91,689,
92,679,
93,679,
94,673,
95,673,
96,671,
97,673,
98,633,
99,649,
ggggg